Case network_size=10, connection_strength=0.1, density=3:
----------------------------------------------------------------------------------------------------
System parameters: 
 [1.25, 2.4, 1.96, 1.7, 0.81, 0.81, 0.62, 2.23, 1.7, 1.92]
Interconnection matrix: 
 [[ 0.00  0.00  0.00  0.00  0.00  0.00  0.00  0.00 -0.04  0.00]
 [ 0.00  0.00  0.00  0.00  0.00  0.02  0.00  0.00 -0.08  0.00]
 [ 0.00 -0.01  0.00  0.00  0.00  0.00  0.00  0.00  0.00 -0.10]
 [ 0.00  0.00 -0.05  0.00  0.00  0.00  0.00  0.00 -0.05  0.00]
 [ 0.00  0.00  0.00  0.00  0.00  0.00 -0.01  0.00  0.00  0.05]
 [-0.01  0.00  0.00  0.00  0.00  0.00  0.00 -0.02  0.00  0.00]
 [ 0.00  0.00  0.05  0.00  0.07  0.00  0.00  0.00  0.00  0.00]
 [ 0.00  0.00 -0.07  0.00  0.00  0.00 -0.04  0.00  0.00  0.00]
 [ 0.00 -0.06  0.00  0.00  0.00  0.04  0.00  0.00  0.00  0.00]
 [ 0.00  0.00  0.00  0.08  0.00  0.00  0.00  0.07  0.00  0.00]]
--------------------------------------------------
Verifying stability and ROA using quadratic Lyapunov functions...
Processing subsystem 1...
Processing subsystem 2...
Processing subsystem 3...
Processing subsystem 4...
Processing subsystem 5...
Processing subsystem 6...
Processing subsystem 7...
Processing subsystem 8...
Processing subsystem 9...
Processing subsystem 10...
Time taken for verifying stability and ROA using quadratic Lyapunov functions: 4.7368481159210205 seconds.

--------------------------------------------------
Training neural Lyapunov functions for subsystems...
Processing subsystem 1...
Data exists. Loading training data...
Model exists. Loading model...
Model loaded: results/van_der_pol_system_1_mu_1.25_3000_samples_N=300000_epoch=20_layer_2_width_30_lr_0.001.pt
Processing subsystem 2...
Data exists. Loading training data...
Model exists. Loading model...
Model loaded: results/van_der_pol_system_2_mu_2.4_3000_samples_N=300000_epoch=20_layer_2_width_30_lr_0.001.pt
Processing subsystem 3...
Data exists. Loading training data...
Model exists. Loading model...
Model loaded: results/van_der_pol_system_3_mu_1.96_3000_samples_N=300000_epoch=20_layer_2_width_30_lr_0.001.pt
Processing subsystem 4...
Data exists. Loading training data...
Model exists. Loading model...
Model loaded: results/van_der_pol_system_4_mu_1.7_3000_samples_N=300000_epoch=20_layer_2_width_30_lr_0.001.pt
Processing subsystem 5...
Data exists. Loading training data...
Model exists. Loading model...
Model loaded: results/van_der_pol_system_5_mu_0.81_3000_samples_N=300000_epoch=20_layer_2_width_30_lr_0.001.pt
Processing subsystem 6...
Data exists. Loading training data...
Model exists. Loading model...
Model loaded: results/van_der_pol_system_6_mu_0.81_3000_samples_N=300000_epoch=20_layer_2_width_30_lr_0.001.pt
Processing subsystem 7...
Data exists. Loading training data...
Model exists. Loading model...
Model loaded: results/van_der_pol_system_7_mu_0.62_3000_samples_N=300000_epoch=20_layer_2_width_30_lr_0.001.pt
Processing subsystem 8...
Data exists. Loading training data...
Model exists. Loading model...
Model loaded: results/van_der_pol_system_8_mu_2.23_3000_samples_N=300000_epoch=20_layer_2_width_30_lr_0.001.pt
Processing subsystem 9...
Data exists. Loading training data...
Model exists. Loading model...
Model loaded: results/van_der_pol_system_9_mu_1.7_3000_samples_N=300000_epoch=20_layer_2_width_30_lr_0.001.pt
Processing subsystem 10...
Data exists. Loading training data...
Model exists. Loading model...
Model loaded: results/van_der_pol_system_10_mu_1.92_3000_samples_N=300000_epoch=20_layer_2_width_30_lr_0.001.pt
Time taken for training all neural Lyapunov functions: 6.423413991928101 seconds.

--------------------------------------------------
Computing local stability of entire network...
Testing scaling factor for local stability:  0.5
Local gain matrix R:
  [[0.45 0.00 0.00 0.00 0.00 0.00 0.00 0.00 0.06 0.00]
 [0.00 1.83 0.00 0.00 0.00 0.01 0.00 0.00 0.07 0.00]
 [0.00 0.02 1.34 0.00 0.00 0.00 0.00 0.00 0.00 0.12]
 [0.00 0.00 0.07 1.02 0.00 0.00 0.00 0.00 0.06 0.00]
 [0.00 0.00 0.00 0.00 0.15 0.00 0.01 0.00 0.00 0.12]
 [0.01 0.00 0.00 0.00 0.00 0.10 0.00 0.06 0.00 0.00]
 [0.00 0.00 0.16 0.00 0.08 0.00 0.15 0.00 0.00 0.00]
 [0.00 0.00 0.08 0.00 0.00 0.00 0.01 1.66 0.00 0.00]
 [0.00 0.10 0.00 0.00 0.00 0.02 0.00 0.00 1.02 0.00]
 [0.00 0.00 0.00 0.08 0.00 0.00 0.00 0.10 0.00 1.39]]
All eigenvalues of R have negative real parts? False
All entries of R * c1_P are negative? False
Testing scaling factor for local stability:  0.25
Local gain matrix R:
  [[-0.05  0.00  0.00  0.00  0.00  0.00  0.00  0.00  0.04  0.00]
 [ 0.00  0.69  0.00  0.00  0.00  0.00  0.00  0.00  0.05  0.00]
 [ 0.00  0.01  0.43  0.00  0.00  0.00  0.00  0.00  0.00  0.08]
 [ 0.00  0.00  0.05  0.26  0.00  0.00  0.00  0.00  0.04  0.00]
 [ 0.00  0.00  0.00  0.00 -0.16  0.00  0.00  0.00  0.00  0.09]
 [ 0.01  0.00  0.00  0.00  0.00 -0.19  0.00  0.04  0.00  0.00]
 [ 0.00  0.00  0.12  0.00  0.05  0.00 -0.10  0.00  0.00  0.00]
 [ 0.00  0.00  0.05  0.00  0.00  0.00  0.01  0.60  0.00  0.00]
 [ 0.00  0.07  0.00  0.00  0.00  0.01  0.00  0.00  0.26  0.00]
 [ 0.00  0.00  0.00  0.06  0.00  0.00  0.00  0.07  0.00  0.47]]
All eigenvalues of R have negative real parts? False
All entries of R * c1_P are negative? False
Testing scaling factor for local stability:  0.125
Local gain matrix R:
  [[-0.31  0.00  0.00  0.00  0.00  0.00  0.00  0.00  0.03  0.00]
 [ 0.00  0.11  0.00  0.00  0.00  0.00  0.00  0.00  0.04  0.00]
 [ 0.00  0.01 -0.04  0.00  0.00  0.00  0.00  0.00  0.00  0.06]
 [ 0.00  0.00  0.03 -0.14  0.00  0.00  0.00  0.00  0.03  0.00]
 [ 0.00  0.00  0.00  0.00 -0.32  0.00  0.00  0.00  0.00  0.06]
 [ 0.01  0.00  0.00  0.00  0.00 -0.34  0.00  0.03  0.00  0.00]
 [ 0.00  0.00  0.08  0.00  0.04  0.00 -0.24  0.00  0.00  0.00]
 [ 0.00  0.00  0.04  0.00  0.00  0.00  0.01  0.06  0.00  0.00]
 [ 0.00  0.05  0.00  0.00  0.00  0.01  0.00  0.00 -0.14  0.00]
 [ 0.00  0.00  0.00  0.04  0.00  0.00  0.00  0.05  0.00 -0.01]]
All eigenvalues of R have negative real parts? False
All entries of R * c1_P are negative? False
Testing scaling factor for local stability:  0.0625
Local gain matrix R:
  [[-0.44  0.00  0.00  0.00  0.00  0.00  0.00  0.00  0.02  0.00]
 [ 0.00 -0.19  0.00  0.00  0.00  0.00  0.00  0.00  0.03  0.00]
 [ 0.00  0.01 -0.29  0.00  0.00  0.00  0.00  0.00  0.00  0.04]
 [ 0.00  0.00  0.02 -0.34  0.00  0.00  0.00  0.00  0.02  0.00]
 [ 0.00  0.00  0.00  0.00 -0.40  0.00  0.00  0.00  0.00  0.04]
 [ 0.01  0.00  0.00  0.00  0.00 -0.42  0.00  0.02  0.00  0.00]
 [ 0.00  0.00  0.06  0.00  0.03  0.00 -0.32  0.00  0.00  0.00]
 [ 0.00  0.00  0.03  0.00  0.00  0.00  0.00 -0.23  0.00  0.00]
 [ 0.00  0.04  0.00  0.00  0.00  0.01  0.00  0.00 -0.34  0.00]
 [ 0.00  0.00  0.00  0.03  0.00  0.00  0.00  0.04  0.00 -0.26]]
All eigenvalues of R have negative real parts? True
All entries of R * c1_P are negative? True
Verification successful! Local stability levels verified:  [0.01 0.01 0.01 0.01 0.02 0.02 0.03 0.01 0.01 0.01]
Testing scaling factor for local stability:  0.09375
Local gain matrix R:
  [[-0.37  0.00  0.00  0.00  0.00  0.00  0.00  0.00  0.02  0.00]
 [ 0.00 -0.04  0.00  0.00  0.00  0.00  0.00  0.00  0.03  0.00]
 [ 0.00  0.01 -0.16  0.00  0.00  0.00  0.00  0.00  0.00  0.05]
 [ 0.00  0.00  0.03 -0.24  0.00  0.00  0.00  0.00  0.02  0.00]
 [ 0.00  0.00  0.00  0.00 -0.36  0.00  0.00  0.00  0.00  0.05]
 [ 0.01  0.00  0.00  0.00  0.00 -0.38  0.00  0.03  0.00  0.00]
 [ 0.00  0.00  0.07  0.00  0.03  0.00 -0.28  0.00  0.00  0.00]
 [ 0.00  0.00  0.03  0.00  0.00  0.00  0.00 -0.08  0.00  0.00]
 [ 0.00  0.04  0.00  0.00  0.00  0.01  0.00  0.00 -0.24  0.00]
 [ 0.00  0.00  0.00  0.03  0.00  0.00  0.00  0.04  0.00 -0.13]]
All eigenvalues of R have negative real parts? True
All entries of R * c1_P are negative? False
Testing scaling factor for local stability:  0.078125
Local gain matrix R:
  [[-0.41  0.00  0.00  0.00  0.00  0.00  0.00  0.00  0.02  0.00]
 [ 0.00 -0.12  0.00  0.00  0.00  0.00  0.00  0.00  0.03  0.00]
 [ 0.00  0.01 -0.22  0.00  0.00  0.00  0.00  0.00  0.00  0.05]
 [ 0.00  0.00  0.03 -0.29  0.00  0.00  0.00  0.00  0.02  0.00]
 [ 0.00  0.00  0.00  0.00 -0.38  0.00  0.00  0.00  0.00  0.05]
 [ 0.01  0.00  0.00  0.00  0.00 -0.40  0.00  0.02  0.00  0.00]
 [ 0.00  0.00  0.06  0.00  0.03  0.00 -0.30  0.00  0.00  0.00]
 [ 0.00  0.00  0.03  0.00  0.00  0.00  0.00 -0.15  0.00  0.00]
 [ 0.00  0.04  0.00  0.00  0.00  0.01  0.00  0.00 -0.29  0.00]
 [ 0.00  0.00  0.00  0.03  0.00  0.00  0.00  0.04  0.00 -0.20]]
All eigenvalues of R have negative real parts? True
All entries of R * c1_P are negative? True
Verification successful! Local stability levels verified:  [0.02 0.01 0.01 0.01 0.03 0.03 0.04 0.01 0.01 0.01]
Testing scaling factor for local stability:  0.0859375
Local gain matrix R:
  [[-0.39  0.00  0.00  0.00  0.00  0.00  0.00  0.00  0.02  0.00]
 [ 0.00 -0.08  0.00  0.00  0.00  0.00  0.00  0.00  0.03  0.00]
 [ 0.00  0.01 -0.19  0.00  0.00  0.00  0.00  0.00  0.00  0.05]
 [ 0.00  0.00  0.03 -0.27  0.00  0.00  0.00  0.00  0.02  0.00]
 [ 0.00  0.00  0.00  0.00 -0.37  0.00  0.00  0.00  0.00  0.05]
 [ 0.01  0.00  0.00  0.00  0.00 -0.39  0.00  0.02  0.00  0.00]
 [ 0.00  0.00  0.07  0.00  0.03  0.00 -0.29  0.00  0.00  0.00]
 [ 0.00  0.00  0.03  0.00  0.00  0.00  0.00 -0.12  0.00  0.00]
 [ 0.00  0.04  0.00  0.00  0.00  0.01  0.00  0.00 -0.27  0.00]
 [ 0.00  0.00  0.00  0.03  0.00  0.00  0.00  0.04  0.00 -0.16]]
All eigenvalues of R have negative real parts? True
All entries of R * c1_P are negative? True
Verification successful! Local stability levels verified:  [0.02 0.01 0.01 0.01 0.03 0.03 0.05 0.01 0.01 0.01]
Scaling factor for which local stability is verified:  0.0859375
Level sets verified for local stability:  [0.02 0.01 0.01 0.01 0.03 0.03 0.05 0.01 0.01 0.01]
Time taken for verifying local stability using quadratic Lyapunov functions: 18.378676176071167 seconds.

--------------------------------------------------
Verifying reachability using quadratic Lyapunov functions...
Verified level sets of quadratic Lyapunov functions for subsystems: 
 [1.96 1.37 1.50 1.62 2.73 2.73 3.43 1.41 1.62 1.51]
Target level set: 
 [0.02 0.01 0.01 0.01 0.03 0.03 0.05 0.01 0.01 0.01]
Testing scale factor for reachability:  0.5
Initial level sets for quadratic Lyapunov functions:, 
 [0.98 0.68 0.75 0.81 1.36 1.36 1.72 0.71 0.81 0.76]
Target level set: 
 [0.02 0.01 0.01 0.01 0.03 0.03 0.05 0.01 0.01 0.01]
Verifying reachability using quadratic Lyapunov functions...
Total gain for subsystem 1:  0.046389905606771954
Invariance of V<=0.9793758392333984 verified for subsystem 1.
Total gain for subsystem 2:  0.05867961613782054
Invariance of V<=0.6831169128417969 verified for subsystem 2.
Total gain for subsystem 3:  0.08200746466332229
Invariance of V<=0.7493019104003906 verified for subsystem 3.
Total gain for subsystem 4:  0.06352031824828414
Invariance of V<=0.8080482482910156 verified for subsystem 4.
Total gain for subsystem 5:  0.10625536791586802
Invariance of V<=1.3632774353027344 verified for subsystem 5.
Total gain for subsystem 6:  0.044092549967460745
Invariance of V<=1.3632774353027344 verified for subsystem 6.
Total gain for subsystem 7:  0.10738627314335297
Invariance of V<=1.7156600952148438 verified for subsystem 7.
Total gain for subsystem 8:  0.029957661152408006
Invariance of V<=0.7050037384033203 verified for subsystem 8.
Total gain for subsystem 9:  0.031324226359032724
Invariance of V<=0.8080482482910156 verified for subsystem 9.
Total gain for subsystem 10:  0.03941087498565993
Invariance of V<=0.7571697235107422 verified for subsystem 10.
Updated level sets for Lyapunov functions after iteration 1: 
 [0.08 0.11 0.15 0.11 0.23 0.09 0.27 0.05 0.05 0.07]
Subsystems updated:  [True, True, True, True, True, True, True, True, True, True]
Total gain for subsystem 1:  0.0010174306077984406
Invariance of V<=0.08231204410549253 verified for subsystem 1.
Total gain for subsystem 2:  0.0025111590136497482
Invariance of V<=0.11249080998823047 verified for subsystem 2.
Total gain for subsystem 3:  0.004979974424936362
Invariance of V<=0.15220195055007935 verified for subsystem 3.
Total gain for subsystem 4:  0.0022483226317359375
Invariance of V<=0.11284267529845238 verified for subsystem 4.
Total gain for subsystem 5:  0.005614242738768561
Invariance of V<=0.22882159100845456 verified for subsystem 5.
Total gain for subsystem 6:  0.000777376342663214
Invariance of V<=0.0902805186342448 verified for subsystem 6.
Total gain for subsystem 7:  0.0038763012213586896
Invariance of V<=0.2667105873115361 verified for subsystem 7.
Total gain for subsystem 8:  0.000525630646725102
Invariance of V<=0.05438993684947491 verified for subsystem 8.
Total gain for subsystem 9:  0.00040505077644422305
Invariance of V<=0.054054008796811104 verified for subsystem 9.
Total gain for subsystem 10:  0.0006278445119404537
Invariance of V<=0.06950581446290016 verified for subsystem 10.
Updated level sets for Lyapunov functions after iteration 2: 
 [0.00 0.00 0.01 0.00 0.01 0.00 0.01 0.00 0.00 0.00]
Subsystems updated:  [True, True, True, True, True, True, True, True, True, True]
Successful! Verified reachable level sets contained in target set after iteration 2. 

Time taken for successfully verifying reachability: 14.419227361679077 seconds.

Testing scale factor for reachability:  0.75
Initial level sets for quadratic Lyapunov functions:, 
 [1.47 1.02 1.12 1.21 2.04 2.04 2.57 1.06 1.21 1.14]
Target level set: 
 [0.02 0.01 0.01 0.01 0.03 0.03 0.05 0.01 0.01 0.01]
Verifying reachability using quadratic Lyapunov functions...
Total gain for subsystem 1:  0.0852230438717754
Invariance of V<=1.4690637588500977 verified for subsystem 1.
Total gain for subsystem 2:  0.10779513960661098
Invariance of V<=1.0246753692626953 verified for subsystem 2.
Total gain for subsystem 3:  0.15159376336200983
Invariance of V<=1.123952865600586 verified for subsystem 3.
Total gain for subsystem 4:  0.12321186819637009
Invariance of V<=1.2120723724365234 verified for subsystem 4.
Total gain for subsystem 5:  0.195200299212218
Invariance of V<=2.0449161529541016 verified for subsystem 5.
Total gain for subsystem 6:  0.08206983163993642
Invariance of V<=2.0449161529541016 verified for subsystem 6.
Total gain for subsystem 7:  0.2302610522928573
Invariance of V<=2.5734901428222656 verified for subsystem 7.
Total gain for subsystem 8:  0.0660430026882841
Invariance of V<=1.0575056076049805 verified for subsystem 8.
Total gain for subsystem 9:  0.0657769673628611
Invariance of V<=1.2120723724365234 verified for subsystem 9.
Total gain for subsystem 10:  0.08710640070054124
Invariance of V<=1.1357545852661133 verified for subsystem 10.
Updated level sets for Lyapunov functions after iteration 1: 
 [0.16 0.22 0.31 0.24 0.46 0.17 0.65 0.12 0.12 0.16]
Subsystems updated:  [True, True, True, True, True, True, True, True, True, True]
Total gain for subsystem 1:  0.002833362381610321
Invariance of V<=0.1567336090374738 verified for subsystem 1.
Total gain for subsystem 2:  0.007187108177444213
Invariance of V<=0.22195879428181797 verified for subsystem 2.
Total gain for subsystem 3:  0.01574054031868493
Invariance of V<=0.3142595262033865 verified for subsystem 3.
Total gain for subsystem 4:  0.007324431506853019
Invariance of V<=0.23569717886857688 verified for subsystem 4.
Total gain for subsystem 5:  0.017384541942047485
Invariance of V<=0.4626772570190951 verified for subsystem 5.
Total gain for subsystem 6:  0.0022522544751632915
Invariance of V<=0.1730515286908485 verified for subsystem 6.
Total gain for subsystem 7:  0.016592645786683603
Invariance of V<=0.6494198605651036 verified for subsystem 7.
Total gain for subsystem 8:  0.0021926062389305504
Invariance of V<=0.12444279855117202 verified for subsystem 8.
Total gain for subsystem 9:  0.0014467396825906817
Invariance of V<=0.1171827781945467 verified for subsystem 9.
Total gain for subsystem 10:  0.0026170106059241593
Invariance of V<=0.16193375922739506 verified for subsystem 10.
Updated level sets for Lyapunov functions after iteration 2: 
 [0.01 0.01 0.03 0.01 0.04 0.00 0.04 0.00 0.00 0.00]
Subsystems updated:  [True, True, True, True, True, True, True, True, True, True]
Total gain for subsystem 1:  3.1687255336448955e-05
Invariance of V<=0.005050985447496714 verified for subsystem 1.
Total gain for subsystem 2:  7.631077849349511e-05
Invariance of V<=0.01327634389625132 verified for subsystem 2.
Total gain for subsystem 3:  0.00026057756914549203
Invariance of V<=0.02739029561880102 verified for subsystem 3.
Total gain for subsystem 4:  6.197471438761475e-05
Invariance of V<=0.012544429930017031 verified for subsystem 4.
Total gain for subsystem 5:  0.00025022949388940076
Invariance of V<=0.035073556714948495 verified for subsystem 5.
Total gain for subsystem 6:  2.5773907849952883e-05
Invariance of V<=0.004731877737640389 verified for subsystem 6.
Total gain for subsystem 7:  0.0001597506224380951
Invariance of V<=0.038765418922892536 verified for subsystem 7.
Total gain for subsystem 8:  3.9841825703395055e-05
Invariance of V<=0.004131889795644383 verified for subsystem 8.
Total gain for subsystem 9:  2.9790783002132893e-05
Invariance of V<=0.0026892532105193823 verified for subsystem 9.
Total gain for subsystem 10:  4.937349057301629e-05
Invariance of V<=0.004665083883992338 verified for subsystem 10.
Updated level sets for Lyapunov functions after iteration 3: 
 [0.00 0.00 0.00 0.00 0.00 0.00 0.00 0.00 0.00 0.00]
Subsystems updated:  [True, True, True, True, True, True, True, True, True, True]
Successful! Verified reachable level sets contained in target set after iteration 3. 

Time taken for successfully verifying reachability: 21.272736310958862 seconds.

Testing scale factor for reachability:  0.875
Initial level sets for quadratic Lyapunov functions:, 
 [1.71 1.20 1.31 1.41 2.39 2.39 3.00 1.23 1.41 1.33]
Target level set: 
 [0.02 0.01 0.01 0.01 0.03 0.03 0.05 0.01 0.01 0.01]
Verifying reachability using quadratic Lyapunov functions...
Total gain for subsystem 1:  0.10739230905942103
Invariance of V<=1.7139077186584473 verified for subsystem 1.
Total gain for subsystem 2:  0.13583067659180525
!!!Invariance cannot be verified for subsystem 2 at initial step!!!
 
Testing scale factor for reachability:  0.8125
Initial level sets for quadratic Lyapunov functions:, 
 [1.59 1.11 1.22 1.31 2.22 2.22 2.79 1.15 1.31 1.23]
Target level set: 
 [0.02 0.01 0.01 0.01 0.03 0.03 0.05 0.01 0.01 0.01]
Verifying reachability using quadratic Lyapunov functions...
Total gain for subsystem 1:  0.09609435746572258
Invariance of V<=1.5914857387542725 verified for subsystem 1.
Total gain for subsystem 2:  0.1215413463329743
Invariance of V<=1.11006498336792 verified for subsystem 2.
Total gain for subsystem 3:  0.17120576540122015
!!!Invariance cannot be verified for subsystem 3 at initial step!!!
 
Testing scale factor for reachability:  0.78125
Initial level sets for quadratic Lyapunov functions:, 
 [1.53 1.07 1.17 1.26 2.13 2.13 2.68 1.10 1.26 1.18]
Target level set: 
 [0.02 0.01 0.01 0.01 0.03 0.03 0.05 0.01 0.01 0.01]
Verifying reachability using quadratic Lyapunov functions...
Total gain for subsystem 1:  0.09060368785081338
Invariance of V<=1.530274748802185 verified for subsystem 1.
Total gain for subsystem 2:  0.11460333139071285
Invariance of V<=1.0673701763153076 verified for subsystem 2.
Total gain for subsystem 3:  0.16129775375682698
Invariance of V<=1.1707842350006104 verified for subsystem 3.
Total gain for subsystem 4:  0.13199623403557992
Invariance of V<=1.262575387954712 verified for subsystem 4.
Total gain for subsystem 5:  0.2075282080789087
Invariance of V<=2.1301209926605225 verified for subsystem 5.
Total gain for subsystem 6:  0.08738563741516295
Invariance of V<=2.1301209926605225 verified for subsystem 6.
Total gain for subsystem 7:  0.24969316400939995
Invariance of V<=2.6807188987731934 verified for subsystem 7.
Total gain for subsystem 8:  0.07196363356944946
Invariance of V<=1.101568341255188 verified for subsystem 8.
Total gain for subsystem 9:  0.07104065183986014
Invariance of V<=1.262575387954712 verified for subsystem 9.
Total gain for subsystem 10:  0.09476992314102167
Invariance of V<=1.1830776929855347 verified for subsystem 10.
Updated level sets for Lyapunov functions after iteration 1: 
 [0.17 0.24 0.34 0.26 0.50 0.19 0.72 0.14 0.13 0.18]
Subsystems updated:  [True, True, True, True, True, True, True, True, True, True]
Total gain for subsystem 1:  0.0031517803558453036
Invariance of V<=0.16756060176703613 verified for subsystem 1.
Total gain for subsystem 2:  0.008057694015196125
Invariance of V<=0.2388944358244771 verified for subsystem 2.
Total gain for subsystem 3:  0.017926467466113132
Invariance of V<=0.3414310958760325 verified for subsystem 3.
Total gain for subsystem 4:  0.00835294051600676
Invariance of V<=0.2558441337896511 verified for subsystem 4.
Total gain for subsystem 5:  0.019716405230555824
Invariance of V<=0.5000271812605206 verified for subsystem 5.
Total gain for subsystem 6:  0.002526118187071599
Invariance of V<=0.1851374690886587 verified for subsystem 6.
Total gain for subsystem 7:  0.01972212031920898
Invariance of V<=0.723355606169207 verified for subsystem 7.
Total gain for subsystem 8:  0.0025844210331298343
Invariance of V<=0.13662029232364148 verified for subsystem 8.
Total gain for subsystem 9:  0.0016636301006262102
Invariance of V<=0.12722851352009457 verified for subsystem 9.
Total gain for subsystem 10:  0.003073461701271827
Invariance of V<=0.17792379367165267 verified for subsystem 10.
Updated level sets for Lyapunov functions after iteration 2: 
 [0.01 0.01 0.03 0.01 0.04 0.01 0.05 0.00 0.00 0.01]
Subsystems updated:  [True, True, True, True, True, True, True, True, True, True]
Total gain for subsystem 1:  3.3690494027434715e-05
Invariance of V<=0.005645352305627682 verified for subsystem 1.
Total gain for subsystem 2:  8.113507464645264e-05
Invariance of V<=0.01487257840215861 verified for subsystem 2.
Total gain for subsystem 3:  0.00030878758217384774
Invariance of V<=0.03125895042810356 verified for subsystem 3.
Total gain for subsystem 4:  9.327442077952514e-05
Invariance of V<=0.01430378580025149 verified for subsystem 4.
Total gain for subsystem 5:  0.00030319258718579606
Invariance of V<=0.03979708522727776 verified for subsystem 5.
Total gain for subsystem 6:  2.75678661855975e-05
Invariance of V<=0.005333550134878351 verified for subsystem 6.
Total gain for subsystem 7:  0.00020103309819027772
Invariance of V<=0.04609272783451246 verified for subsystem 7.
Total gain for subsystem 8:  4.272266289819023e-05
Invariance of V<=0.004803057152003021 verified for subsystem 8.
Total gain for subsystem 9:  3.1221994165140115e-05
Invariance of V<=0.00304404158324445 verified for subsystem 9.
Total gain for subsystem 10:  4.842921221619367e-05
Invariance of V<=0.005473241699860409 verified for subsystem 10.
Updated level sets for Lyapunov functions after iteration 3: 
 [0.00 0.00 0.00 0.00 0.00 0.00 0.00 0.00 0.00 0.00]
Subsystems updated:  [True, True, True, True, True, True, True, True, True, True]
Successful! Verified reachable level sets contained in target set after iteration 3. 

Time taken for successfully verifying reachability: 21.67613959312439 seconds.

Testing scale factor for reachability:  0.796875
Initial level sets for quadratic Lyapunov functions:, 
 [1.56 1.09 1.19 1.29 2.17 2.17 2.73 1.12 1.29 1.21]
Target level set: 
 [0.02 0.01 0.01 0.01 0.03 0.03 0.05 0.01 0.01 0.01]
Verifying reachability using quadratic Lyapunov functions...
Total gain for subsystem 1:  0.09333699680914885
Invariance of V<=1.5608802437782288 verified for subsystem 1.
Total gain for subsystem 2:  0.1180605981848534
Invariance of V<=1.0887175798416138 verified for subsystem 2.
Total gain for subsystem 3:  0.16622410413285188
!!!Invariance cannot be verified for subsystem 3 at initial step!!!
 
Testing scale factor for reachability:  0.7890625
Initial level sets for quadratic Lyapunov functions:, 
 [1.55 1.08 1.18 1.28 2.15 2.15 2.71 1.11 1.28 1.19]
Target level set: 
 [0.02 0.01 0.01 0.01 0.03 0.03 0.05 0.01 0.01 0.01]
Verifying reachability using quadratic Lyapunov functions...
Total gain for subsystem 1:  0.09196707988492184
Invariance of V<=1.545577496290207 verified for subsystem 1.
Total gain for subsystem 2:  0.1163222680298542
Invariance of V<=1.0780438780784607 verified for subsystem 2.
Total gain for subsystem 3:  0.16375084611086282
!!!Invariance cannot be verified for subsystem 3 at initial step!!!
 
Scaling factor for which reachability is verified:  0.78125
Level sets verified for reachability:  [1.53 1.07 1.17 1.26 2.13 2.13 2.68 1.10 1.26 1.18]
Time taken for verifying reachability using quadratic Lyapunov functions: 65.64638447761536 seconds.

--------------------------------------------------
Verifying reachability using SOS Lyapunov functions...
Verified V<=0.32611083984375 is contained in x^TPx<=1.530274748802185.
Verified V<=0.1405029296875 is contained in x^TPx<=1.0673701763153076.
Verified V<=0.168212890625 is contained in x^TPx<=1.1707842350006104.
Verified V<=0.2015380859375 is contained in x^TPx<=1.262575387954712.
Verified V<=0.34197998046875 is contained in x^TPx<=2.1301209926605225.
Verified V<=0.34197998046875 is contained in x^TPx<=2.1301209926605225.
Verified V<=0.33233642578125 is contained in x^TPx<=2.6807188987731934.
Verified V<=0.15081787109375 is contained in x^TPx<=1.101568341255188.
Verified V<=0.2015380859375 is contained in x^TPx<=1.262575387954712.
Verified V<=0.16961669921875 is contained in x^TPx<=1.1830776929855347.
Target level set: 
 [0.32611083984375, 0.1405029296875, 0.168212890625, 0.2015380859375, 0.34197998046875, 0.34197998046875, 0.33233642578125, 0.15081787109375, 0.2015380859375, 0.16961669921875]
Testing scale factor for reachability:  0.5
Initial level sets for SOS Lyapunov functions:, 
 [0.50 0.50 0.50 0.50 0.50 0.50 0.50 0.50 0.50 0.50]
Target level set: 
 [0.32611083984375, 0.1405029296875, 0.168212890625, 0.2015380859375, 0.34197998046875, 0.34197998046875, 0.33233642578125, 0.15081787109375, 0.2015380859375, 0.16961669921875]
Verifying reachability using SOS Lyapunov functions...
Total gain for subsystem 1:  0.05347411277658422
Invariance of V<=0.5 verified for subsystem 1.
Total gain for subsystem 2:  0.11882260838241723
!!!Invariance cannot be verified for subsystem 2 at initial step!!!
 
Testing scale factor for reachability:  0.25
Initial level sets for SOS Lyapunov functions:, 
 [0.25 0.25 0.25 0.25 0.25 0.25 0.25 0.25 0.25 0.25]
Target level set: 
 [0.32611083984375, 0.1405029296875, 0.168212890625, 0.2015380859375, 0.34197998046875, 0.34197998046875, 0.33233642578125, 0.15081787109375, 0.2015380859375, 0.16961669921875]
Verifying reachability using SOS Lyapunov functions...
Total gain for subsystem 1:  0.018839710773928677
Invariance of V<=0.25 verified for subsystem 1.
Total gain for subsystem 2:  0.04138305175707608
!!!Invariance cannot be verified for subsystem 2 at initial step!!!
 
Testing scale factor for reachability:  0.125
Initial level sets for SOS Lyapunov functions:, 
 [0.12 0.12 0.12 0.12 0.12 0.12 0.12 0.12 0.12 0.12]
Target level set: 
 [0.32611083984375, 0.1405029296875, 0.168212890625, 0.2015380859375, 0.34197998046875, 0.34197998046875, 0.33233642578125, 0.15081787109375, 0.2015380859375, 0.16961669921875]
Verifying reachability using SOS Lyapunov functions...
Total gain for subsystem 1:  0.006553501131902675
Invariance of V<=0.125 verified for subsystem 1.
Total gain for subsystem 2:  0.014538889348726778
Invariance of V<=0.125 verified for subsystem 2.
Total gain for subsystem 3:  0.019598754407539453
Invariance of V<=0.125 verified for subsystem 3.
Total gain for subsystem 4:  0.015171508602996396
Invariance of V<=0.125 verified for subsystem 4.
Total gain for subsystem 5:  0.009178662027372133
Invariance of V<=0.125 verified for subsystem 5.
Total gain for subsystem 6:  0.0040086753124775505
Invariance of V<=0.125 verified for subsystem 6.
Total gain for subsystem 7:  0.011459078714856422
Invariance of V<=0.125 verified for subsystem 7.
Total gain for subsystem 8:  0.013348625853994772
Invariance of V<=0.125 verified for subsystem 8.
Total gain for subsystem 9:  0.00945423439539941
Invariance of V<=0.125 verified for subsystem 9.
Total gain for subsystem 10:  0.016081995121819667
Invariance of V<=0.125 verified for subsystem 10.
Updated level sets for Lyapunov functions after iteration 1: 
 [0.01 0.04 0.08 0.04 0.06 0.03 0.08 0.04 0.02 0.07]
Subsystems updated:  [True, True, True, True, True, True, True, True, True, True]
Successful! Verified reachable level sets contained in target set after iteration 1. 

Time taken for successfully verifying reachability: 32.31768226623535 seconds.

Testing scale factor for reachability:  0.1875
Initial level sets for SOS Lyapunov functions:, 
 [0.19 0.19 0.19 0.19 0.19 0.19 0.19 0.19 0.19 0.19]
Target level set: 
 [0.32611083984375, 0.1405029296875, 0.168212890625, 0.2015380859375, 0.34197998046875, 0.34197998046875, 0.33233642578125, 0.15081787109375, 0.2015380859375, 0.16961669921875]
Verifying reachability using SOS Lyapunov functions...
Total gain for subsystem 1:  0.012163595168251214
Invariance of V<=0.1875 verified for subsystem 1.
Total gain for subsystem 2:  0.02670759223260402
!!!Invariance cannot be verified for subsystem 2 at initial step!!!
 
Testing scale factor for reachability:  0.15625
Initial level sets for SOS Lyapunov functions:, 
 [0.16 0.16 0.16 0.16 0.16 0.16 0.16 0.16 0.16 0.16]
Target level set: 
 [0.32611083984375, 0.1405029296875, 0.168212890625, 0.2015380859375, 0.34197998046875, 0.34197998046875, 0.33233642578125, 0.15081787109375, 0.2015380859375, 0.16961669921875]
Verifying reachability using SOS Lyapunov functions...
Total gain for subsystem 1:  0.009219482487990493
Invariance of V<=0.15625 verified for subsystem 1.
Total gain for subsystem 2:  0.020280193803567048
Invariance of V<=0.15625 verified for subsystem 2.
Total gain for subsystem 3:  0.027170968334862513
Invariance of V<=0.15625 verified for subsystem 3.
Total gain for subsystem 4:  0.023307858522852706
Invariance of V<=0.15625 verified for subsystem 4.
Total gain for subsystem 5:  0.01282906876093795
Invariance of V<=0.15625 verified for subsystem 5.
Total gain for subsystem 6:  0.005603985046137967
Invariance of V<=0.15625 verified for subsystem 6.
Total gain for subsystem 7:  0.018249433790165442
Invariance of V<=0.15625 verified for subsystem 7.
Total gain for subsystem 8:  0.021847701988176718
Invariance of V<=0.15625 verified for subsystem 8.
Total gain for subsystem 9:  0.014222954289630134
Invariance of V<=0.15625 verified for subsystem 9.
Total gain for subsystem 10:  0.02663819768136856
!!!Invariance cannot be verified for subsystem 10 at initial step!!!
 
Testing scale factor for reachability:  0.140625
Initial level sets for SOS Lyapunov functions:, 
 [0.14 0.14 0.14 0.14 0.14 0.14 0.14 0.14 0.14 0.14]
Target level set: 
 [0.32611083984375, 0.1405029296875, 0.168212890625, 0.2015380859375, 0.34197998046875, 0.34197998046875, 0.33233642578125, 0.15081787109375, 0.2015380859375, 0.16961669921875]
Verifying reachability using SOS Lyapunov functions...
Total gain for subsystem 1:  0.007851685843578291
Invariance of V<=0.140625 verified for subsystem 1.
Total gain for subsystem 2:  0.017316570453227126
Invariance of V<=0.140625 verified for subsystem 2.
Total gain for subsystem 3:  0.023301228504084257
Invariance of V<=0.140625 verified for subsystem 3.
Total gain for subsystem 4:  0.018731981893541652
Invariance of V<=0.140625 verified for subsystem 4.
Total gain for subsystem 5:  0.01094315473322071
Invariance of V<=0.140625 verified for subsystem 5.
Total gain for subsystem 6:  0.004779857063797798
Invariance of V<=0.140625 verified for subsystem 6.
Total gain for subsystem 7:  0.014385361059015039
Invariance of V<=0.140625 verified for subsystem 7.
Total gain for subsystem 8:  0.01690475937812358
Invariance of V<=0.140625 verified for subsystem 8.
Total gain for subsystem 9:  0.011679128556191975
Invariance of V<=0.140625 verified for subsystem 9.
Total gain for subsystem 10:  0.020486221340155895
Invariance of V<=0.140625 verified for subsystem 10.
Updated level sets for Lyapunov functions after iteration 1: 
 [0.01 0.04 0.10 0.05 0.07 0.03 0.10 0.06 0.03 0.10]
Subsystems updated:  [True, True, True, True, True, True, True, True, True, True]
Successful! Verified reachable level sets contained in target set after iteration 1. 

Time taken for successfully verifying reachability: 35.54394030570984 seconds.

Testing scale factor for reachability:  0.1484375
Initial level sets for SOS Lyapunov functions:, 
 [0.15 0.15 0.15 0.15 0.15 0.15 0.15 0.15 0.15 0.15]
Target level set: 
 [0.32611083984375, 0.1405029296875, 0.168212890625, 0.2015380859375, 0.34197998046875, 0.34197998046875, 0.33233642578125, 0.15081787109375, 0.2015380859375, 0.16961669921875]
Verifying reachability using SOS Lyapunov functions...
Total gain for subsystem 1:  0.008519496727936443
Invariance of V<=0.1484375 verified for subsystem 1.
Total gain for subsystem 2:  0.018782106408572086
Invariance of V<=0.1484375 verified for subsystem 2.
Total gain for subsystem 3:  0.02521562811374536
Invariance of V<=0.1484375 verified for subsystem 3.
Total gain for subsystem 4:  0.020812777911771302
Invariance of V<=0.1484375 verified for subsystem 4.
Total gain for subsystem 5:  0.011876488234676985
Invariance of V<=0.1484375 verified for subsystem 5.
Total gain for subsystem 6:  0.0051874551198954535
Invariance of V<=0.1484375 verified for subsystem 6.
Total gain for subsystem 7:  0.016091940203309472
Invariance of V<=0.1484375 verified for subsystem 7.
Total gain for subsystem 8:  0.019062661495993994
Invariance of V<=0.1484375 verified for subsystem 8.
Total gain for subsystem 9:  0.012919195679162101
Invariance of V<=0.1484375 verified for subsystem 9.
Total gain for subsystem 10:  0.023142235860693486
Invariance of V<=0.1484375 verified for subsystem 10.
Updated level sets for Lyapunov functions after iteration 1: 
 [0.01 0.05 0.12 0.05 0.07 0.03 0.11 0.07 0.03 0.12]
Subsystems updated:  [True, True, True, True, True, True, True, True, True, True]
Successful! Verified reachable level sets contained in target set after iteration 1. 

Time taken for successfully verifying reachability: 39.18504571914673 seconds.

Scaling factor for which reachability is verified:  0.1484375
Level sets verified for reachability:  [0.23 0.16 0.17 0.19 0.32 0.32 0.40 0.16 0.19 0.18]
Time taken for verifying reachability using SOS Lyapunov functions: 167.32439351081848 seconds.

--------------------------------------------------
Verifying reachability using neural Lyapunov functions...
Verified level sets of neural Lyapunov functions for subsystems: 
 [0.79 0.68 0.71 0.72 0.92 0.87 0.91 0.61 0.73 0.67]
Verified V<=0.15342895507812498 is contained in x^TPx<=1.530274748802185.
Verified V<=0.0820947265625 is contained in x^TPx<=1.0673701763153076.
Verified V<=0.10053710937499999 is contained in x^TPx<=1.1707842350006104.
Verified V<=0.11601562500000001 is contained in x^TPx<=1.262575387954712.
Verified V<=0.23842285156249998 is contained in x^TPx<=2.1301209926605225.
Verified V<=0.23422668457031248 is contained in x^TPx<=2.1301209926605225.
Verified V<=0.29759399414062504 is contained in x^TPx<=2.6807188987731934.
Verified V<=0.093599853515625 is contained in x^TPx<=1.101568341255188.
Verified V<=0.107646484375 is contained in x^TPx<=1.262575387954712.
Verified V<=0.10059814453125002 is contained in x^TPx<=1.1830776929855347.
Target level set: 
 [0.15342895507812498, 0.0820947265625, 0.10053710937499999, 0.11601562500000001, 0.23842285156249998, 0.23422668457031248, 0.29759399414062504, 0.093599853515625, 0.107646484375, 0.10059814453125002]
Lower bounds of neural Lyapunov functions: 
 [0.01 0.02 0.02 0.01 0.01 0.01 0.01 0.00 0.02 0.02]
Testing scale factor for reachability:  0.5
Initial level sets for neural Lyapunov functions:, 
 [0.40 0.34 0.35 0.36 0.46 0.43 0.46 0.30 0.36 0.34]
Target level set: 
 [0.15342895507812498, 0.0820947265625, 0.10053710937499999, 0.11601562500000001, 0.23842285156249998, 0.23422668457031248, 0.29759399414062504, 0.093599853515625, 0.107646484375, 0.10059814453125002]
Verifying reachability using neural Lyapunov functions...
Total gain for subsystem 1:  0.08327493837973877
Invariance of V<=0.395 verified for subsystem 1.
Total gain for subsystem 2:  0.2220944955605534
!!!Invariance cannot be verified for subsystem 2 at initial step!!!
 
Testing scale factor for reachability:  0.25
Initial level sets for neural Lyapunov functions:, 
 [0.20 0.17 0.18 0.18 0.23 0.22 0.23 0.15 0.18 0.17]
Target level set: 
 [0.15342895507812498, 0.0820947265625, 0.10053710937499999, 0.11601562500000001, 0.23842285156249998, 0.23422668457031248, 0.29759399414062504, 0.093599853515625, 0.107646484375, 0.10059814453125002]
Verifying reachability using neural Lyapunov functions...
Total gain for subsystem 1:  0.022179619630465882
Invariance of V<=0.1975 verified for subsystem 1.
Total gain for subsystem 2:  0.04969555806314048
Invariance of V<=0.17 verified for subsystem 2.
Total gain for subsystem 3:  0.05730069065918225
Invariance of V<=0.1775 verified for subsystem 3.
Total gain for subsystem 4:  0.04725962598580326
Invariance of V<=0.18 verified for subsystem 4.
Total gain for subsystem 5:  0.0325143562543121
Invariance of V<=0.23 verified for subsystem 5.
Total gain for subsystem 6:  0.014677257436347069
Invariance of V<=0.2175 verified for subsystem 6.
Total gain for subsystem 7:  0.04316834105323593
Invariance of V<=0.2275 verified for subsystem 7.
Total gain for subsystem 8:  0.03597819354686382
Invariance of V<=0.1525 verified for subsystem 8.
Total gain for subsystem 9:  0.04484022758521194
Invariance of V<=0.1825 verified for subsystem 9.
Total gain for subsystem 10:  0.06339138373652356
Invariance of V<=0.1675 verified for subsystem 10.
Updated level sets for Lyapunov functions after iteration 1: 
 [0.04 0.16 0.12 0.10 0.09 0.05 0.11 0.10 0.09 0.11]
Subsystems updated:  [True, True, True, True, True, True, True, True, True, True]
Total gain for subsystem 1:  0.002182753641868256
Invariance of V<=0.043878173828125006 verified for subsystem 1.
Total gain for subsystem 2:  0.027283353574601
Invariance of V<=0.1551416015625 verified for subsystem 2.
Total gain for subsystem 3:  0.028362014628803178
Invariance of V<=0.1223779296875 verified for subsystem 3.
Total gain for subsystem 4:  0.015776766300440292
Invariance of V<=0.102568359375 verified for subsystem 4.
Total gain for subsystem 5:  0.008469773943850544
Invariance of V<=0.08888916015625001 verified for subsystem 5.
Total gain for subsystem 6:  0.0016811881101898663
Invariance of V<=0.0478436279296875 verified for subsystem 6.
Total gain for subsystem 7:  0.011653995888864028
Invariance of V<=0.1116949462890625 verified for subsystem 7.
Total gain for subsystem 8:  0.015010664634722424
Invariance of V<=0.10238647460937499 verified for subsystem 8.
Total gain for subsystem 9:  0.014321158077793831
Invariance of V<=0.089022216796875 verified for subsystem 9.
Total gain for subsystem 10:  0.02723342221976615
Invariance of V<=0.10746826171875003 verified for subsystem 10.
Updated level sets for Lyapunov functions after iteration 2: 
 [0.01 0.11 0.06 0.03 0.04 0.02 0.05 0.08 0.04 0.07]
Subsystems updated:  [True, True, True, True, True, True, True, True, True, True]
Total gain for subsystem 1:  0.0003555658019327101
Invariance of V<=0.014226126670837403 verified for subsystem 1.
Total gain for subsystem 2:  0.009985296348258477
Invariance of V<=0.1092354440689087 verified for subsystem 2.
Total gain for subsystem 3:  0.008423190103829947
Invariance of V<=0.06256332635879516 verified for subsystem 3.
Total gain for subsystem 4:  0.0023215624575478786
Invariance of V<=0.03280384540557861 verified for subsystem 4.
Total gain for subsystem 5:  0.001685761740114359
Invariance of V<=0.03515635728836059 verified for subsystem 5.
Total gain for subsystem 6:  0.00033471044595383847
Invariance of V<=0.016446247100830078 verified for subsystem 6.
Total gain for subsystem 7:  0.002280199906338385
Invariance of V<=0.04515791773796081 verified for subsystem 7.
Total gain for subsystem 8:  0.006326895203683559
Invariance of V<=0.0765898823738098 verified for subsystem 8.
Total gain for subsystem 9:  0.002468891523645764
Invariance of V<=0.04242465019226074 verified for subsystem 9.
Total gain for subsystem 10:  0.01305235653153499
Invariance of V<=0.07425175309181217 verified for subsystem 10.
Updated level sets for Lyapunov functions after iteration 3: 
 [0.01 0.06 0.04 0.02 0.02 0.01 0.02 0.06 0.02 0.06]
Subsystems updated:  [True, True, True, True, True, True, True, True, True, True]
Successful! Verified reachable level sets contained in target set after iteration 3. 

Time taken for successfully verifying reachability: 7753.375968694687 seconds.

Testing scale factor for reachability:  0.375
Initial level sets for neural Lyapunov functions:, 
 [0.30 0.26 0.27 0.27 0.35 0.33 0.34 0.23 0.27 0.25]
Target level set: 
 [0.15342895507812498, 0.0820947265625, 0.10053710937499999, 0.11601562500000001, 0.23842285156249998, 0.23422668457031248, 0.29759399414062504, 0.093599853515625, 0.107646484375, 0.10059814453125002]
Verifying reachability using neural Lyapunov functions...
Total gain for subsystem 1:  0.04403219541928748
Invariance of V<=0.29625 verified for subsystem 1.
Total gain for subsystem 2:  0.11537668183590201
Invariance of V<=0.255 verified for subsystem 2.
Total gain for subsystem 3:  0.12958989439295304
Invariance of V<=0.26625 verified for subsystem 3.
Total gain for subsystem 4:  0.12148091855788247
!!!Invariance cannot be verified for subsystem 4 at initial step!!!
 
Testing scale factor for reachability:  0.3125
Initial level sets for neural Lyapunov functions:, 
 [0.25 0.21 0.22 0.22 0.29 0.27 0.28 0.19 0.23 0.21]
Target level set: 
 [0.15342895507812498, 0.0820947265625, 0.10053710937499999, 0.11601562500000001, 0.23842285156249998, 0.23422668457031248, 0.29759399414062504, 0.093599853515625, 0.107646484375, 0.10059814453125002]
Verifying reachability using neural Lyapunov functions...
Total gain for subsystem 1:  0.032554623335844204
Invariance of V<=0.246875 verified for subsystem 1.
Total gain for subsystem 2:  0.0824723526434369
Invariance of V<=0.21250000000000002 verified for subsystem 2.
Total gain for subsystem 3:  0.08876951151492987
Invariance of V<=0.221875 verified for subsystem 3.
Total gain for subsystem 4:  0.0768933899830978
Invariance of V<=0.22499999999999998 verified for subsystem 4.
Total gain for subsystem 5:  0.04661186949345814
Invariance of V<=0.28750000000000003 verified for subsystem 5.
Total gain for subsystem 6:  0.021305336986132017
Invariance of V<=0.271875 verified for subsystem 6.
Total gain for subsystem 7:  0.06492788505436516
Invariance of V<=0.284375 verified for subsystem 7.
Total gain for subsystem 8:  0.056212103041548105
Invariance of V<=0.190625 verified for subsystem 8.
Total gain for subsystem 9:  0.06949477462342461
Invariance of V<=0.228125 verified for subsystem 9.
Total gain for subsystem 10:  0.09287868484576786
Invariance of V<=0.209375 verified for subsystem 10.
Updated level sets for Lyapunov functions after iteration 1: 
 [0.06 0.20 0.18 0.16 0.12 0.06 0.16 0.12 0.12 0.21]
Subsystems updated:  [True, True, True, True, True, True, True, True, True, True]
Total gain for subsystem 1:  0.0038618002560931747
Invariance of V<=0.0597900390625 verified for subsystem 1.
Total gain for subsystem 2:  0.05471511512177529
Invariance of V<=0.20440673828125003 verified for subsystem 2.
Total gain for subsystem 3:  0.061617793622320394
Invariance of V<=0.17501907348632811 verified for subsystem 3.
Total gain for subsystem 4:  0.03442102087104503
Invariance of V<=0.156170654296875 verified for subsystem 4.
Total gain for subsystem 5:  0.01678907586863258
Invariance of V<=0.11946411132812501 verified for subsystem 5.
Total gain for subsystem 6:  0.002581225868292575
Invariance of V<=0.06153030395507812 verified for subsystem 6.
Total gain for subsystem 7:  0.026267085658406783
Invariance of V<=0.16183547973632817 verified for subsystem 7.
Total gain for subsystem 8:  0.02750010051727515
Invariance of V<=0.12407379150390624 verified for subsystem 8.
Total gain for subsystem 9:  0.02696661049387331
Invariance of V<=0.12202682495117187 verified for subsystem 9.
Total gain for subsystem 10:  0.06880127369888497
Invariance of V<=0.20528564453125 verified for subsystem 10.
Updated level sets for Lyapunov functions after iteration 2: 
 [0.02 0.16 0.13 0.07 0.05 0.02 0.08 0.09 0.06 0.11]
Subsystems updated:  [True, True, True, True, True, True, True, True, True, True]
Total gain for subsystem 1:  0.00044832025733196904
Invariance of V<=0.016640782356262207 verified for subsystem 1.
Total gain for subsystem 2:  0.0241385767883541
Invariance of V<=0.16358527541160586 verified for subsystem 2.
Total gain for subsystem 3:  0.03119970501628422
Invariance of V<=0.1296405930072069 verified for subsystem 3.
Total gain for subsystem 4:  0.009962850249377828
Invariance of V<=0.06946848928928373 verified for subsystem 4.
Total gain for subsystem 5:  0.0042783562380845075
Invariance of V<=0.05354885458946229 verified for subsystem 5.
Total gain for subsystem 6:  0.0003669904764468395
Invariance of V<=0.01892777904868126 verified for subsystem 6.
Total gain for subsystem 7:  0.0070589753139262985
Invariance of V<=0.07593940235674385 verified for subsystem 7.
Total gain for subsystem 8:  0.013545057021762114
Invariance of V<=0.09263126328587531 verified for subsystem 8.
Total gain for subsystem 9:  0.007504492201816871
Invariance of V<=0.06214549727737903 verified for subsystem 9.
Total gain for subsystem 10:  0.027356463467068007
Invariance of V<=0.11286700963974 verified for subsystem 10.
Updated level sets for Lyapunov functions after iteration 3: 
 [0.01 0.10 0.07 0.03 0.03 0.01 0.03 0.07 0.03 0.07]
Subsystems updated:  [True, True, True, True, True, True, True, True, True, True]
Total gain for subsystem 1:  0.0002895654253288017
Invariance of V<=0.011635547038167715 verified for subsystem 1.
Total gain for subsystem 2:  0.007466413837643789
Invariance of V<=0.10064328467706221 verified for subsystem 2.
Total gain for subsystem 3:  0.009834964318762468
Invariance of V<=0.06963117788473025 verified for subsystem 3.
Total gain for subsystem 4:  0.001530543905950121
Invariance of V<=0.027814531844342117 verified for subsystem 4.
Total gain for subsystem 5:  0.0009626675145628264
Invariance of V<=0.02640837067156099 verified for subsystem 5.
Total gain for subsystem 6:  0.0003296764021695
Invariance of V<=0.012421355000697076 verified for subsystem 6.
Total gain for subsystem 7:  0.001517027071155179
Invariance of V<=0.034335882120285544 verified for subsystem 7.
Total gain for subsystem 8:  0.006296369001201932
Invariance of V<=0.07444875945730017 verified for subsystem 8.
Total gain for subsystem 9:  0.0012545799836258934
Invariance of V<=0.032286527882388324 verified for subsystem 9.
Total gain for subsystem 10:  0.012805389838981189
Invariance of V<=0.0743996401433833 verified for subsystem 10.
Updated level sets for Lyapunov functions after iteration 4: 
 [0.01 0.05 0.04 0.02 0.02 0.01 0.02 0.06 0.02 0.06]
Subsystems updated:  [True, True, True, True, True, True, True, True, True, True]
Successful! Verified reachable level sets contained in target set after iteration 4. 

Time taken for successfully verifying reachability: 10657.758722543716 seconds.

Testing scale factor for reachability:  0.34375
Initial level sets for neural Lyapunov functions:, 
 [0.27 0.23 0.24 0.25 0.32 0.30 0.31 0.21 0.25 0.23]
Target level set: 
 [0.15342895507812498, 0.0820947265625, 0.10053710937499999, 0.11601562500000001, 0.23842285156249998, 0.23422668457031248, 0.29759399414062504, 0.093599853515625, 0.107646484375, 0.10059814453125002]
Verifying reachability using neural Lyapunov functions...
Total gain for subsystem 1:  0.03811793461899078
Invariance of V<=0.27156250000000004 verified for subsystem 1.
Total gain for subsystem 2:  0.09911519112103857
Invariance of V<=0.23375 verified for subsystem 2.
Total gain for subsystem 3:  0.10767358886168496
Invariance of V<=0.2440625 verified for subsystem 3.
Total gain for subsystem 4:  0.09690228645765166
Invariance of V<=0.2475 verified for subsystem 4.
Total gain for subsystem 5:  0.05524782653434547
Invariance of V<=0.31625000000000003 verified for subsystem 5.
Total gain for subsystem 6:  0.02488212418742171
Invariance of V<=0.2990625 verified for subsystem 6.
Total gain for subsystem 7:  0.07757989048001387
Invariance of V<=0.3128125 verified for subsystem 7.
Total gain for subsystem 8:  0.06919451645212463
Invariance of V<=0.2096875 verified for subsystem 8.
Total gain for subsystem 9:  0.08352292378641045
Invariance of V<=0.2509375 verified for subsystem 9.
Total gain for subsystem 10:  0.11534472008907792
!!!Invariance cannot be verified for subsystem 10 at initial step!!!
 
Testing scale factor for reachability:  0.328125
Initial level sets for neural Lyapunov functions:, 
 [0.26 0.22 0.23 0.24 0.30 0.29 0.30 0.20 0.24 0.22]
Target level set: 
 [0.15342895507812498, 0.0820947265625, 0.10053710937499999, 0.11601562500000001, 0.23842285156249998, 0.23422668457031248, 0.29759399414062504, 0.093599853515625, 0.107646484375, 0.10059814453125002]
Verifying reachability using neural Lyapunov functions...
Total gain for subsystem 1:  0.03530189360148971
Invariance of V<=0.25921875 verified for subsystem 1.
Total gain for subsystem 2:  0.0908200744699438
Invariance of V<=0.22312500000000002 verified for subsystem 2.
Total gain for subsystem 3:  0.09793711446347952
Invariance of V<=0.23296875 verified for subsystem 3.
Total gain for subsystem 4:  0.0859248892348744
Invariance of V<=0.23625 verified for subsystem 4.
Total gain for subsystem 5:  0.05071844230641533
Invariance of V<=0.301875 verified for subsystem 5.
Total gain for subsystem 6:  0.023073704689657408
Invariance of V<=0.28546875 verified for subsystem 6.
Total gain for subsystem 7:  0.07104940244494315
Invariance of V<=0.29859375 verified for subsystem 7.
Total gain for subsystem 8:  0.062413682463417136
Invariance of V<=0.20015625 verified for subsystem 8.
Total gain for subsystem 9:  0.07640033369553083
Invariance of V<=0.23953125 verified for subsystem 9.
Total gain for subsystem 10:  0.10177164741995026
Invariance of V<=0.21984375 verified for subsystem 10.
Updated level sets for Lyapunov functions after iteration 1: 
 [0.06 0.22 0.19 0.17 0.13 0.07 0.18 0.13 0.13 0.22]
Subsystems updated:  [True, True, True, True, True, True, True, True, True, True]
Total gain for subsystem 1:  0.0043653956139204884
Invariance of V<=0.0641085433959961 verified for subsystem 1.
Total gain for subsystem 2:  0.061515388659286206
Invariance of V<=0.21528076171875005 verified for subsystem 2.
Total gain for subsystem 3:  0.07136848001076704
Invariance of V<=0.1913346862792969 verified for subsystem 3.
Total gain for subsystem 4:  0.041059268413436795
Invariance of V<=0.16940093994140626 verified for subsystem 4.
Total gain for subsystem 5:  0.01886344108124895
Invariance of V<=0.12831161499023438 verified for subsystem 5.
Total gain for subsystem 6:  0.0028616594570984233
Invariance of V<=0.0653734588623047 verified for subsystem 6.
Total gain for subsystem 7:  0.031117375082916614
Invariance of V<=0.17787322998046876 verified for subsystem 7.
Total gain for subsystem 8:  0.030937954592503376
Invariance of V<=0.13047294616699218 verified for subsystem 8.
Total gain for subsystem 9:  0.030172416110681378
Invariance of V<=0.13035037994384763 verified for subsystem 9.
Total gain for subsystem 10:  0.08024034820627232
Invariance of V<=0.21973640441894532 verified for subsystem 10.
Updated level sets for Lyapunov functions after iteration 2: 
 [0.02 0.17 0.15 0.09 0.06 0.02 0.09 0.10 0.07 0.18]
Subsystems updated:  [True, True, True, True, True, True, True, True, True, True]
Total gain for subsystem 1:  0.0004679655673996675
Invariance of V<=0.017341861836612224 verified for subsystem 1.
Total gain for subsystem 2:  0.02871225984779662
Invariance of V<=0.174337472319603 verified for subsystem 2.
Total gain for subsystem 3:  0.04498872094444653
Invariance of V<=0.145836643204093 verified for subsystem 3.
Total gain for subsystem 4:  0.014254687686796908
Invariance of V<=0.08726464435458184 verified for subsystem 4.
Total gain for subsystem 5:  0.006076154466018431
Invariance of V<=0.058266504853963855 verified for subsystem 5.
Total gain for subsystem 6:  0.00037460938107882407
Invariance of V<=0.019726951941847808 verified for subsystem 6.
Total gain for subsystem 7:  0.009775534912786422
Invariance of V<=0.08598364144563675 verified for subsystem 7.
Total gain for subsystem 8:  0.01714667766346426
Invariance of V<=0.09664426725357772 verified for subsystem 8.
Total gain for subsystem 9:  0.00911148543173974
Invariance of V<=0.06708461936563254 verified for subsystem 9.
Total gain for subsystem 10:  0.04560632161011683
Invariance of V<=0.17622902551665903 verified for subsystem 10.
Updated level sets for Lyapunov functions after iteration 3: 
 [0.01 0.11 0.10 0.03 0.03 0.01 0.04 0.08 0.03 0.09]
Subsystems updated:  [True, True, True, True, True, True, True, True, True, True]
Total gain for subsystem 1:  0.00030572365219557395
Invariance of V<=0.011719305069273104 verified for subsystem 1.
Total gain for subsystem 2:  0.008621566150090366
Invariance of V<=0.11287670326943046 verified for subsystem 2.
Total gain for subsystem 3:  0.01895372829530432
Invariance of V<=0.10004906430749545 verified for subsystem 3.
Total gain for subsystem 4:  0.0024124194088817113
Invariance of V<=0.03153117032343289 verified for subsystem 4.
Total gain for subsystem 5:  0.0015481178780900548
Invariance of V<=0.03010056744897156 verified for subsystem 5.
Total gain for subsystem 6:  0.0003405117550479075
Invariance of V<=0.012406403369677724 verified for subsystem 6.
Total gain for subsystem 7:  0.002491715909985441
Invariance of V<=0.040808642326737754 verified for subsystem 7.
Total gain for subsystem 8:  0.008830199585620258
Invariance of V<=0.07956163798316994 verified for subsystem 8.
Total gain for subsystem 9:  0.0015063918134587619
Invariance of V<=0.03445948221320577 verified for subsystem 9.
Total gain for subsystem 10:  0.01800088260379459
Invariance of V<=0.09095414061089288 verified for subsystem 10.
Updated level sets for Lyapunov functions after iteration 4: 
 [0.01 0.05 0.05 0.02 0.02 0.01 0.02 0.07 0.02 0.06]
Subsystems updated:  [True, True, True, True, True, True, True, True, True, True]
Successful! Verified reachable level sets contained in target set after iteration 4. 

Time taken for successfully verifying reachability: 10973.260103464127 seconds.

Testing scale factor for reachability:  0.3359375
Initial level sets for neural Lyapunov functions:, 
 [0.27 0.23 0.24 0.24 0.31 0.29 0.31 0.20 0.25 0.23]
Target level set: 
 [0.15342895507812498, 0.0820947265625, 0.10053710937499999, 0.11601562500000001, 0.23842285156249998, 0.23422668457031248, 0.29759399414062504, 0.093599853515625, 0.107646484375, 0.10059814453125002]
Verifying reachability using neural Lyapunov functions...
Total gain for subsystem 1:  0.03670168552094568
Invariance of V<=0.265390625 verified for subsystem 1.
Total gain for subsystem 2:  0.09498730599314084
Invariance of V<=0.22843750000000002 verified for subsystem 2.
Total gain for subsystem 3:  0.10272952009783093
Invariance of V<=0.23851562499999998 verified for subsystem 3.
Total gain for subsystem 4:  0.09127431507104472
Invariance of V<=0.24187499999999998 verified for subsystem 4.
Total gain for subsystem 5:  0.05294836637548154
Invariance of V<=0.3090625 verified for subsystem 5.
Total gain for subsystem 6:  0.023970967442555564
Invariance of V<=0.292265625 verified for subsystem 6.
Total gain for subsystem 7:  0.0742701768432054
Invariance of V<=0.305703125 verified for subsystem 7.
Total gain for subsystem 8:  0.0657272202242666
Invariance of V<=0.204921875 verified for subsystem 8.
Total gain for subsystem 9:  0.07992619786537176
Invariance of V<=0.245234375 verified for subsystem 9.
Total gain for subsystem 10:  0.10802030016468797
!!!Invariance cannot be verified for subsystem 10 at initial step!!!
 
Scaling factor for which reachability is verified:  0.328125
Level sets verified for reachability:  [0.26 0.22 0.23 0.24 0.30 0.29 0.30 0.20 0.24 0.22]
Time taken for verifying reachability using neural Lyapunov functions: 38521.71404886246 seconds.

Architecture:        x86_64
CPU op-mode(s):      32-bit, 64-bit
Byte Order:          Little Endian
Address sizes:       46 bits physical, 48 bits virtual
CPU(s):              32
On-line CPU(s) list: 0-31
Thread(s) per core:  1
Core(s) per socket:  16
Socket(s):           2
NUMA node(s):        2
Vendor ID:           GenuineIntel
CPU family:          6
Model:               79
Model name:          Intel(R) Xeon(R) CPU E5-2683 v4 @ 2.10GHz
Stepping:            1
CPU MHz:             2099.871
CPU max MHz:         3000.0000
CPU min MHz:         1200.0000
BogoMIPS:            4190.17
Virtualization:      VT-x
L1d cache:           32K
L1i cache:           32K
L2 cache:            256K
L3 cache:            40960K
NUMA node0 CPU(s):   0-15
NUMA node1 CPU(s):   16-31
Flags:               fpu vme de pse tsc msr pae mce cx8 apic sep mtrr pge mca cmov pat pse36 clflush dts acpi mmx fxsr sse sse2 ss ht tm pbe syscall nx pdpe1gb rdtscp lm constant_tsc arch_perfmon pebs bts rep_good nopl xtopology nonstop_tsc aperfmperf eagerfpu pni pclmulqdq dtes64 ds_cpl vmx smx est tm2 ssse3 sdbg fma cx16 xtpr pdcm pcid dca sse4_1 sse4_2 x2apic movbe popcnt tsc_deadline_timer aes xsave avx f16c rdrand lahf_lm abm 3dnowprefetch epb cat_l3 cdp_l3 invpcid_single intel_ppin ssbd rsb_ctxsw ibrs ibpb stibp tpr_shadow vnmi flexpriority ept vpid fsgsbase tsc_adjust bmi1 hle avx2 smep bmi2 erms invpcid rtm cqm rdt_a rdseed adx smap intel_pt xsaveopt cqm_llc cqm_occup_llc cqm_mbm_total cqm_mbm_local dtherm ida arat pln pts md_clear spec_ctrl intel_stibp flush_l1d
