Case network_size=10, connection_strength=0.1, density=3:
----------------------------------------------------------------------------------------------------
System parameters: 
 [1.25, 2.4, 1.96, 1.7, 0.81, 0.81, 0.62, 2.23, 1.7, 1.92]
Interconnection matrix: 
 [[ 0.00  0.00  0.00  0.00  0.00  0.00  0.00  0.00 -0.04  0.00]
 [ 0.00  0.00  0.00  0.00  0.00  0.02  0.00  0.00 -0.08  0.00]
 [ 0.00 -0.01  0.00  0.00  0.00  0.00  0.00  0.00  0.00 -0.10]
 [ 0.00  0.00 -0.05  0.00  0.00  0.00  0.00  0.00 -0.05  0.00]
 [ 0.00  0.00  0.00  0.00  0.00  0.00 -0.01  0.00  0.00  0.05]
 [-0.01  0.00  0.00  0.00  0.00  0.00  0.00 -0.02  0.00  0.00]
 [ 0.00  0.00  0.05  0.00  0.07  0.00  0.00  0.00  0.00  0.00]
 [ 0.00  0.00 -0.07  0.00  0.00  0.00 -0.04  0.00  0.00  0.00]
 [ 0.00 -0.06  0.00  0.00  0.00  0.04  0.00  0.00  0.00  0.00]
 [ 0.00  0.00  0.00  0.08  0.00  0.00  0.00  0.07  0.00  0.00]]
--------------------------------------------------
Verifying stability and ROA using quadratic Lyapunov functions...
Processing subsystem 1...
Processing subsystem 2...
Processing subsystem 3...
Processing subsystem 4...
Processing subsystem 5...
Processing subsystem 6...
Processing subsystem 7...
Processing subsystem 8...
Processing subsystem 9...
Processing subsystem 10...
Time taken for verifying stability and ROA using quadratic Lyapunov functions: 4.71987771987915 seconds.

--------------------------------------------------
Training neural Lyapunov functions for subsystems...
Processing subsystem 1...
Data exists. Loading training data...
Model exists. Loading model...
Model loaded: results/van_der_pol_system_1_mu_1.25_3000_samples_N=300000_epoch=20_layer_3_width_10_lr_0.001.pt
Processing subsystem 2...
Data exists. Loading training data...
Model exists. Loading model...
Model loaded: results/van_der_pol_system_2_mu_2.4_3000_samples_N=300000_epoch=20_layer_3_width_10_lr_0.001.pt
Processing subsystem 3...
Data exists. Loading training data...
Model exists. Loading model...
Model loaded: results/van_der_pol_system_3_mu_1.96_3000_samples_N=300000_epoch=20_layer_3_width_10_lr_0.001.pt
Processing subsystem 4...
Data exists. Loading training data...
Model exists. Loading model...
Model loaded: results/van_der_pol_system_4_mu_1.7_3000_samples_N=300000_epoch=20_layer_3_width_10_lr_0.001.pt
Processing subsystem 5...
Data exists. Loading training data...
Model exists. Loading model...
Model loaded: results/van_der_pol_system_5_mu_0.81_3000_samples_N=300000_epoch=20_layer_3_width_10_lr_0.001.pt
Processing subsystem 6...
Data exists. Loading training data...
Model exists. Loading model...
Model loaded: results/van_der_pol_system_6_mu_0.81_3000_samples_N=300000_epoch=20_layer_3_width_10_lr_0.001.pt
Processing subsystem 7...
Data exists. Loading training data...
Model exists. Loading model...
Model loaded: results/van_der_pol_system_7_mu_0.62_3000_samples_N=300000_epoch=20_layer_3_width_10_lr_0.001.pt
Processing subsystem 8...
Data exists. Loading training data...
Model exists. Loading model...
Model loaded: results/van_der_pol_system_8_mu_2.23_3000_samples_N=300000_epoch=20_layer_3_width_10_lr_0.001.pt
Processing subsystem 9...
Data exists. Loading training data...
Model exists. Loading model...
Model loaded: results/van_der_pol_system_9_mu_1.7_3000_samples_N=300000_epoch=20_layer_3_width_10_lr_0.001.pt
Processing subsystem 10...
Data exists. Loading training data...
Model exists. Loading model...
Model loaded: results/van_der_pol_system_10_mu_1.92_3000_samples_N=300000_epoch=20_layer_3_width_10_lr_0.001.pt
Time taken for training all neural Lyapunov functions: 7.697338819503784 seconds.

--------------------------------------------------
Verifying neural Lyapunov functions for subsystems...
Processing subsystem 1...
Verified V<=0.203125 is contained in x^TPx<=1.9587516784667969.
Verified V<=0.838134765625 will reach V<=0.203125 and hence x^TPx<=1.9587516784667969.
Time taken for verifying Lyapunov function of van_der_pol_system_1_mu_1.25: 7301.847071886063 seconds.

Processing subsystem 2...
Verified V<=0.1015625 is contained in x^TPx<=1.3662338256835938.
Verified V<=0.6630859375 will reach V<=0.1015625 and hence x^TPx<=1.3662338256835938.
Time taken for verifying Lyapunov function of van_der_pol_system_2_mu_2.4: 3601.058613538742 seconds.

Processing subsystem 3...
Verified V<=0.1015625 is contained in x^TPx<=1.4986038208007812.
Verified V<=0.67010498046875 will reach V<=0.1015625 and hence x^TPx<=1.4986038208007812.
Time taken for verifying Lyapunov function of van_der_pol_system_3_mu_1.96: 1357.3266899585724 seconds.

Processing subsystem 4...
Verified V<=0.140625 is contained in x^TPx<=1.6160964965820312.
Verified V<=0.771728515625 will reach V<=0.140625 and hence x^TPx<=1.6160964965820312.
Time taken for verifying Lyapunov function of van_der_pol_system_4_mu_1.7: 2695.497792005539 seconds.

Processing subsystem 5...
Verified V<=0.3125 is contained in x^TPx<=2.7265548706054688.
Verified V<=0.9033203125 will reach V<=0.3125 and hence x^TPx<=2.7265548706054688.
Time taken for verifying Lyapunov function of van_der_pol_system_5_mu_0.81: 1583.710412979126 seconds.

Processing subsystem 6...
Verified V<=0.3125 is contained in x^TPx<=2.7265548706054688.
Verified V<=0.91943359375 will reach V<=0.3125 and hence x^TPx<=2.7265548706054688.
Time taken for verifying Lyapunov function of van_der_pol_system_6_mu_0.81: 2669.996298789978 seconds.

Processing subsystem 7...
Verified V<=0.390625 is contained in x^TPx<=3.4313201904296875.
Verified V<=0.952392578125 will reach V<=0.390625 and hence x^TPx<=3.4313201904296875.
Time taken for verifying Lyapunov function of van_der_pol_system_7_mu_0.62: 1302.4319114685059 seconds.

Processing subsystem 8...
Verified V<=0.1171875 is contained in x^TPx<=1.4100074768066406.
Verified V<=0.6689453125 will reach V<=0.1171875 and hence x^TPx<=1.4100074768066406.
Time taken for verifying Lyapunov function of van_der_pol_system_8_mu_2.23: 1681.9873223304749 seconds.

Processing subsystem 9...
Verified V<=0.140625 is contained in x^TPx<=1.6160964965820312.
Verified V<=0.7314453125 will reach V<=0.140625 and hence x^TPx<=1.6160964965820312.
Time taken for verifying Lyapunov function of van_der_pol_system_9_mu_1.7: 3141.035564184189 seconds.

Processing subsystem 10...
Verified V<=0.1171875 is contained in x^TPx<=1.5143394470214844.
Verified V<=0.7103271484375 will reach V<=0.1171875 and hence x^TPx<=1.5143394470214844.
Time taken for verifying Lyapunov function of van_der_pol_system_10_mu_1.92: 2012.4158153533936 seconds.

Time taken for verifying all neural Lyapunov functions: 27347.367297649384 seconds.

--------------------------------------------------
Computing local stability of entire network...
Testing scaling factor for local stability:  0.5
Local gain matrix R:
  [[0.45 0.00 0.00 0.00 0.00 0.00 0.00 0.00 0.06 0.00]
 [0.00 1.83 0.00 0.00 0.00 0.01 0.00 0.00 0.07 0.00]
 [0.00 0.02 1.34 0.00 0.00 0.00 0.00 0.00 0.00 0.12]
 [0.00 0.00 0.07 1.02 0.00 0.00 0.00 0.00 0.06 0.00]
 [0.00 0.00 0.00 0.00 0.15 0.00 0.01 0.00 0.00 0.12]
 [0.01 0.00 0.00 0.00 0.00 0.10 0.00 0.06 0.00 0.00]
 [0.00 0.00 0.16 0.00 0.08 0.00 0.15 0.00 0.00 0.00]
 [0.00 0.00 0.08 0.00 0.00 0.00 0.01 1.66 0.00 0.00]
 [0.00 0.10 0.00 0.00 0.00 0.02 0.00 0.00 1.02 0.00]
 [0.00 0.00 0.00 0.08 0.00 0.00 0.00 0.10 0.00 1.39]]
All eigenvalues of R have negative real parts? False
All entries of R * c1_P are negative? False
Testing scaling factor for local stability:  0.25
Local gain matrix R:
  [[-0.05  0.00  0.00  0.00  0.00  0.00  0.00  0.00  0.04  0.00]
 [ 0.00  0.69  0.00  0.00  0.00  0.00  0.00  0.00  0.05  0.00]
 [ 0.00  0.01  0.43  0.00  0.00  0.00  0.00  0.00  0.00  0.08]
 [ 0.00  0.00  0.05  0.26  0.00  0.00  0.00  0.00  0.04  0.00]
 [ 0.00  0.00  0.00  0.00 -0.16  0.00  0.00  0.00  0.00  0.09]
 [ 0.01  0.00  0.00  0.00  0.00 -0.19  0.00  0.04  0.00  0.00]
 [ 0.00  0.00  0.12  0.00  0.05  0.00 -0.10  0.00  0.00  0.00]
 [ 0.00  0.00  0.05  0.00  0.00  0.00  0.01  0.60  0.00  0.00]
 [ 0.00  0.07  0.00  0.00  0.00  0.01  0.00  0.00  0.26  0.00]
 [ 0.00  0.00  0.00  0.06  0.00  0.00  0.00  0.07  0.00  0.47]]
All eigenvalues of R have negative real parts? False
All entries of R * c1_P are negative? False
Testing scaling factor for local stability:  0.125
Local gain matrix R:
  [[-0.31  0.00  0.00  0.00  0.00  0.00  0.00  0.00  0.03  0.00]
 [ 0.00  0.11  0.00  0.00  0.00  0.00  0.00  0.00  0.04  0.00]
 [ 0.00  0.01 -0.04  0.00  0.00  0.00  0.00  0.00  0.00  0.06]
 [ 0.00  0.00  0.03 -0.14  0.00  0.00  0.00  0.00  0.03  0.00]
 [ 0.00  0.00  0.00  0.00 -0.32  0.00  0.00  0.00  0.00  0.06]
 [ 0.01  0.00  0.00  0.00  0.00 -0.34  0.00  0.03  0.00  0.00]
 [ 0.00  0.00  0.08  0.00  0.04  0.00 -0.24  0.00  0.00  0.00]
 [ 0.00  0.00  0.04  0.00  0.00  0.00  0.01  0.06  0.00  0.00]
 [ 0.00  0.05  0.00  0.00  0.00  0.01  0.00  0.00 -0.14  0.00]
 [ 0.00  0.00  0.00  0.04  0.00  0.00  0.00  0.05  0.00 -0.01]]
All eigenvalues of R have negative real parts? False
All entries of R * c1_P are negative? False
Testing scaling factor for local stability:  0.0625
Local gain matrix R:
  [[-0.44  0.00  0.00  0.00  0.00  0.00  0.00  0.00  0.02  0.00]
 [ 0.00 -0.19  0.00  0.00  0.00  0.00  0.00  0.00  0.03  0.00]
 [ 0.00  0.01 -0.29  0.00  0.00  0.00  0.00  0.00  0.00  0.04]
 [ 0.00  0.00  0.02 -0.34  0.00  0.00  0.00  0.00  0.02  0.00]
 [ 0.00  0.00  0.00  0.00 -0.40  0.00  0.00  0.00  0.00  0.04]
 [ 0.01  0.00  0.00  0.00  0.00 -0.42  0.00  0.02  0.00  0.00]
 [ 0.00  0.00  0.06  0.00  0.03  0.00 -0.32  0.00  0.00  0.00]
 [ 0.00  0.00  0.03  0.00  0.00  0.00  0.00 -0.23  0.00  0.00]
 [ 0.00  0.04  0.00  0.00  0.00  0.01  0.00  0.00 -0.34  0.00]
 [ 0.00  0.00  0.00  0.03  0.00  0.00  0.00  0.04  0.00 -0.26]]
All eigenvalues of R have negative real parts? True
All entries of R * c1_P are negative? True
Verification successful! Local stability levels verified:  [0.01 0.01 0.01 0.01 0.02 0.02 0.03 0.01 0.01 0.01]
Testing scaling factor for local stability:  0.09375
Local gain matrix R:
  [[-0.37  0.00  0.00  0.00  0.00  0.00  0.00  0.00  0.02  0.00]
 [ 0.00 -0.04  0.00  0.00  0.00  0.00  0.00  0.00  0.03  0.00]
 [ 0.00  0.01 -0.16  0.00  0.00  0.00  0.00  0.00  0.00  0.05]
 [ 0.00  0.00  0.03 -0.24  0.00  0.00  0.00  0.00  0.02  0.00]
 [ 0.00  0.00  0.00  0.00 -0.36  0.00  0.00  0.00  0.00  0.05]
 [ 0.01  0.00  0.00  0.00  0.00 -0.38  0.00  0.03  0.00  0.00]
 [ 0.00  0.00  0.07  0.00  0.03  0.00 -0.28  0.00  0.00  0.00]
 [ 0.00  0.00  0.03  0.00  0.00  0.00  0.00 -0.08  0.00  0.00]
 [ 0.00  0.04  0.00  0.00  0.00  0.01  0.00  0.00 -0.24  0.00]
 [ 0.00  0.00  0.00  0.03  0.00  0.00  0.00  0.04  0.00 -0.13]]
All eigenvalues of R have negative real parts? True
All entries of R * c1_P are negative? False
Testing scaling factor for local stability:  0.078125
Local gain matrix R:
  [[-0.41  0.00  0.00  0.00  0.00  0.00  0.00  0.00  0.02  0.00]
 [ 0.00 -0.12  0.00  0.00  0.00  0.00  0.00  0.00  0.03  0.00]
 [ 0.00  0.01 -0.22  0.00  0.00  0.00  0.00  0.00  0.00  0.05]
 [ 0.00  0.00  0.03 -0.29  0.00  0.00  0.00  0.00  0.02  0.00]
 [ 0.00  0.00  0.00  0.00 -0.38  0.00  0.00  0.00  0.00  0.05]
 [ 0.01  0.00  0.00  0.00  0.00 -0.40  0.00  0.02  0.00  0.00]
 [ 0.00  0.00  0.06  0.00  0.03  0.00 -0.30  0.00  0.00  0.00]
 [ 0.00  0.00  0.03  0.00  0.00  0.00  0.00 -0.15  0.00  0.00]
 [ 0.00  0.04  0.00  0.00  0.00  0.01  0.00  0.00 -0.29  0.00]
 [ 0.00  0.00  0.00  0.03  0.00  0.00  0.00  0.04  0.00 -0.20]]
All eigenvalues of R have negative real parts? True
All entries of R * c1_P are negative? True
Verification successful! Local stability levels verified:  [0.02 0.01 0.01 0.01 0.03 0.03 0.04 0.01 0.01 0.01]
Testing scaling factor for local stability:  0.0859375
Local gain matrix R:
  [[-0.39  0.00  0.00  0.00  0.00  0.00  0.00  0.00  0.02  0.00]
 [ 0.00 -0.08  0.00  0.00  0.00  0.00  0.00  0.00  0.03  0.00]
 [ 0.00  0.01 -0.19  0.00  0.00  0.00  0.00  0.00  0.00  0.05]
 [ 0.00  0.00  0.03 -0.27  0.00  0.00  0.00  0.00  0.02  0.00]
 [ 0.00  0.00  0.00  0.00 -0.37  0.00  0.00  0.00  0.00  0.05]
 [ 0.01  0.00  0.00  0.00  0.00 -0.39  0.00  0.02  0.00  0.00]
 [ 0.00  0.00  0.07  0.00  0.03  0.00 -0.29  0.00  0.00  0.00]
 [ 0.00  0.00  0.03  0.00  0.00  0.00  0.00 -0.12  0.00  0.00]
 [ 0.00  0.04  0.00  0.00  0.00  0.01  0.00  0.00 -0.27  0.00]
 [ 0.00  0.00  0.00  0.03  0.00  0.00  0.00  0.04  0.00 -0.16]]
All eigenvalues of R have negative real parts? True
All entries of R * c1_P are negative? True
Verification successful! Local stability levels verified:  [0.02 0.01 0.01 0.01 0.03 0.03 0.05 0.01 0.01 0.01]
Scaling factor for which local stability is verified:  0.0859375
Level sets verified for local stability:  [0.02 0.01 0.01 0.01 0.03 0.03 0.05 0.01 0.01 0.01]
Time taken for verifying local stability using quadratic Lyapunov functions: 18.24857521057129 seconds.

--------------------------------------------------
Verifying reachability using quadratic Lyapunov functions...
Verified level sets of quadratic Lyapunov functions for subsystems: 
 [1.96 1.37 1.50 1.62 2.73 2.73 3.43 1.41 1.62 1.51]
Target level set: 
 [0.02 0.01 0.01 0.01 0.03 0.03 0.05 0.01 0.01 0.01]
Testing scale factor for reachability:  0.5
Initial level sets for quadratic Lyapunov functions:, 
 [0.98 0.68 0.75 0.81 1.36 1.36 1.72 0.71 0.81 0.76]
Target level set: 
 [0.02 0.01 0.01 0.01 0.03 0.03 0.05 0.01 0.01 0.01]
Verifying reachability using quadratic Lyapunov functions...
Total gain for subsystem 1:  0.04640500059757853
Invariance of V<=0.9793758392333984 verified for subsystem 1.
Total gain for subsystem 2:  0.05871125177865079
Invariance of V<=0.6831169128417969 verified for subsystem 2.
Total gain for subsystem 3:  0.08204874553290069
Invariance of V<=0.7493019104003906 verified for subsystem 3.
Total gain for subsystem 4:  0.06358020198748825
Invariance of V<=0.8080482482910156 verified for subsystem 4.
Total gain for subsystem 5:  0.10626582246680946
Invariance of V<=1.3632774353027344 verified for subsystem 5.
Total gain for subsystem 6:  0.04411329347850239
Invariance of V<=1.3632774353027344 verified for subsystem 6.
Total gain for subsystem 7:  0.10757454334255842
Invariance of V<=1.7156600952148438 verified for subsystem 7.
Total gain for subsystem 8:  0.030034345292334563
Invariance of V<=0.7050037384033203 verified for subsystem 8.
Total gain for subsystem 9:  0.03142896763961843
Invariance of V<=0.8080482482910156 verified for subsystem 9.
Total gain for subsystem 10:  0.03956962917277217
Invariance of V<=0.7571697235107422 verified for subsystem 10.
Updated level sets for Lyapunov functions after iteration 1: 
 [0.08 0.11 0.15 0.11 0.23 0.09 0.27 0.05 0.05 0.07]
Subsystems updated:  [True, True, True, True, True, True, True, True, True, True]
Total gain for subsystem 1:  0.0010324096003122784
Invariance of V<=0.0828500313218683 verified for subsystem 1.
Total gain for subsystem 2:  0.0025461078517943062
Invariance of V<=0.1130745280534029 verified for subsystem 2.
Total gain for subsystem 3:  0.0050583610414156165
Invariance of V<=0.15275075566023588 verified for subsystem 3.
Total gain for subsystem 4:  0.0022923181076146795
Invariance of V<=0.11333586880937219 verified for subsystem 4.
Total gain for subsystem 5:  0.005669760937137748
Invariance of V<=0.22948725381866097 verified for subsystem 5.
Total gain for subsystem 6:  0.0007912272992762409
Invariance of V<=0.09086297359317541 verified for subsystem 6.
Total gain for subsystem 7:  0.004012115707434545
Invariance of V<=0.267967174295336 verified for subsystem 7.
Total gain for subsystem 8:  0.0005626106785087573
Invariance of V<=0.054906297009438276 verified for subsystem 8.
Total gain for subsystem 9:  0.00044375838673317103
Invariance of V<=0.05454720230773091 verified for subsystem 9.
Total gain for subsystem 10:  0.0007125725871629137
Invariance of V<=0.07033766596578062 verified for subsystem 10.
Updated level sets for Lyapunov functions after iteration 2: 
 [0.00 0.01 0.01 0.00 0.01 0.00 0.01 0.00 0.00 0.00]
Subsystems updated:  [True, True, True, True, True, True, True, True, True, True]
Successful! Verified reachable level sets contained in target set after iteration 2. 

Time taken for successfully verifying reachability: 13.934958219528198 seconds.

Testing scale factor for reachability:  0.75
Initial level sets for quadratic Lyapunov functions:, 
 [1.47 1.02 1.12 1.21 2.04 2.04 2.57 1.06 1.21 1.14]
Target level set: 
 [0.02 0.01 0.01 0.01 0.03 0.03 0.05 0.01 0.01 0.01]
Verifying reachability using quadratic Lyapunov functions...
Total gain for subsystem 1:  0.08523228816803607
Invariance of V<=1.4690637588500977 verified for subsystem 1.
Total gain for subsystem 2:  0.10782094129227138
Invariance of V<=1.0246753692626953 verified for subsystem 2.
Total gain for subsystem 3:  0.15164076237514165
Invariance of V<=1.123952865600586 verified for subsystem 3.
Total gain for subsystem 4:  0.12330732697525724
Invariance of V<=1.2120723724365234 verified for subsystem 4.
Total gain for subsystem 5:  0.19521058766542426
Invariance of V<=2.0449161529541016 verified for subsystem 5.
Total gain for subsystem 6:  0.08208940916455575
Invariance of V<=2.0449161529541016 verified for subsystem 6.
Total gain for subsystem 7:  0.2305566546999784
Invariance of V<=2.5734901428222656 verified for subsystem 7.
Total gain for subsystem 8:  0.0661617385922262
Invariance of V<=1.0575056076049805 verified for subsystem 8.
Total gain for subsystem 9:  0.06589995385619901
Invariance of V<=1.2120723724365234 verified for subsystem 9.
Total gain for subsystem 10:  0.08736358738204861
Invariance of V<=1.1357545852661133 verified for subsystem 10.
Updated level sets for Lyapunov functions after iteration 1: 
 [0.16 0.22 0.32 0.24 0.46 0.17 0.65 0.13 0.12 0.16]
Subsystems updated:  [True, True, True, True, True, True, True, True, True, True]
Total gain for subsystem 1:  0.002849576304075841
Invariance of V<=0.15718193171778694 verified for subsystem 1.
Total gain for subsystem 2:  0.007241728342256774
Invariance of V<=0.22258420649450272 verified for subsystem 2.
Total gain for subsystem 3:  0.01586067440799187
Invariance of V<=0.31515133450739086 verified for subsystem 3.
Total gain for subsystem 4:  0.007403088440013346
Invariance of V<=0.23658492718823254 verified for subsystem 4.
Total gain for subsystem 5:  0.017479166358916193
Invariance of V<=0.46355093945749104 verified for subsystem 5.
Total gain for subsystem 6:  0.0022794808191460804
Invariance of V<=0.173675587575417 verified for subsystem 6.
Total gain for subsystem 7:  0.016853461104819507
Invariance of V<=0.6514618144137785 verified for subsystem 7.
Total gain for subsystem 8:  0.002236120146737079
Invariance of V<=0.12521733879111707 verified for subsystem 8.
Total gain for subsystem 9:  0.0014908191879691064
Invariance of V<=0.11784858943428844 verified for subsystem 9.
Total gain for subsystem 10:  0.0027308620136245257
Invariance of V<=0.16297357360599563 verified for subsystem 10.
Updated level sets for Lyapunov functions after iteration 2: 
 [0.01 0.01 0.03 0.01 0.04 0.01 0.04 0.00 0.00 0.01]
Subsystems updated:  [True, True, True, True, True, True, True, True, True, True]
Total gain for subsystem 1:  3.454355292563407e-05
Invariance of V<=0.005525927286953447 verified for subsystem 1.
Total gain for subsystem 2:  8.284119244285134e-05
Invariance of V<=0.013694145516751632 verified for subsystem 2.
Total gain for subsystem 3:  0.0002828316228493569
Invariance of V<=0.028006612734543523 verified for subsystem 3.
Total gain for subsystem 4:  9.921192395623063e-05
Invariance of V<=0.013053758189585096 verified for subsystem 4.
Total gain for subsystem 5:  0.00026516706361359884
Invariance of V<=0.035818816488841776 verified for subsystem 5.
Total gain for subsystem 6:  2.82340538744583e-05
Invariance of V<=0.0052577570457401634 verified for subsystem 6.
Total gain for subsystem 7:  0.0002041745383289712
Invariance of V<=0.04000064607545539 verified for subsystem 7.
Total gain for subsystem 8:  4.98267082091524e-05
Invariance of V<=0.00458559590299501 verified for subsystem 8.
Total gain for subsystem 9:  4.366024434872907e-05
Invariance of V<=0.0031648791107841134 verified for subsystem 9.
Total gain for subsystem 10:  6.815931724085439e-05
Invariance of V<=0.005331654995899271 verified for subsystem 10.
Updated level sets for Lyapunov functions after iteration 3: 
 [0.00 0.00 0.00 0.00 0.00 0.00 0.00 0.00 0.00 0.00]
Subsystems updated:  [True, True, True, True, True, True, True, True, True, True]
Successful! Verified reachable level sets contained in target set after iteration 3. 

Time taken for successfully verifying reachability: 20.246684312820435 seconds.

Testing scale factor for reachability:  0.875
Initial level sets for quadratic Lyapunov functions:, 
 [1.71 1.20 1.31 1.41 2.39 2.39 3.00 1.23 1.41 1.33]
Target level set: 
 [0.02 0.01 0.01 0.01 0.03 0.03 0.05 0.01 0.01 0.01]
Verifying reachability using quadratic Lyapunov functions...
Total gain for subsystem 1:  0.10740350625821915
Invariance of V<=1.7139077186584473 verified for subsystem 1.
Total gain for subsystem 2:  0.13586542598068835
!!!Invariance cannot be verified for subsystem 2!!!
 
Testing scale factor for reachability:  0.8125
Initial level sets for quadratic Lyapunov functions:, 
 [1.59 1.11 1.22 1.31 2.22 2.22 2.79 1.15 1.31 1.23]
Target level set: 
 [0.02 0.01 0.01 0.01 0.03 0.03 0.05 0.01 0.01 0.01]
Verifying reachability using quadratic Lyapunov functions...
Total gain for subsystem 1:  0.09610586595791398
Invariance of V<=1.5914857387542725 verified for subsystem 1.
Total gain for subsystem 2:  0.12157728935995918
Invariance of V<=1.11006498336792 verified for subsystem 2.
Total gain for subsystem 3:  0.17125723334597479
!!!Invariance cannot be verified for subsystem 3!!!
 
Testing scale factor for reachability:  0.78125
Initial level sets for quadratic Lyapunov functions:, 
 [1.53 1.07 1.17 1.26 2.13 2.13 2.68 1.10 1.26 1.18]
Target level set: 
 [0.02 0.01 0.01 0.01 0.03 0.03 0.05 0.01 0.01 0.01]
Verifying reachability using quadratic Lyapunov functions...
Total gain for subsystem 1:  0.09061536750594566
Invariance of V<=1.530274748802185 verified for subsystem 1.
Total gain for subsystem 2:  0.1146399241232232
Invariance of V<=1.0673701763153076 verified for subsystem 2.
Total gain for subsystem 3:  0.1613458578437394
Invariance of V<=1.1707842350006104 verified for subsystem 3.
Total gain for subsystem 4:  0.13208214903305307
Invariance of V<=1.262575387954712 verified for subsystem 4.
Total gain for subsystem 5:  0.20753839135984586
Invariance of V<=2.1301209926605225 verified for subsystem 5.
Total gain for subsystem 6:  0.08740530042925829
Invariance of V<=2.1301209926605225 verified for subsystem 6.
Total gain for subsystem 7:  0.24996264125998977
Invariance of V<=2.6807188987731934 verified for subsystem 7.
Total gain for subsystem 8:  0.07207422037840834
Invariance of V<=1.101568341255188 verified for subsystem 8.
Total gain for subsystem 9:  0.07116675778999651
Invariance of V<=1.262575387954712 verified for subsystem 9.
Total gain for subsystem 10:  0.09501194828142731
Invariance of V<=1.1830776929855347 verified for subsystem 10.
Updated level sets for Lyapunov functions after iteration 1: 
 [0.17 0.24 0.34 0.26 0.50 0.19 0.73 0.14 0.13 0.18]
Subsystems updated:  [True, True, True, True, True, True, True, True, True, True]
Total gain for subsystem 1:  0.0031759410940509544
Invariance of V<=0.168027604559029 verified for subsystem 1.
Total gain for subsystem 2:  0.008112238762259708
Invariance of V<=0.23961105398484506 verified for subsystem 2.
Total gain for subsystem 3:  0.01804694361409715
Invariance of V<=0.3422171448619338 verified for subsystem 3.
Total gain for subsystem 4:  0.008439944194512515
Invariance of V<=0.25676887162262574 verified for subsystem 4.
Total gain for subsystem 5:  0.019819017844548432
Invariance of V<=0.5009372671338497 verified for subsystem 5.
Total gain for subsystem 6:  0.002552874728527756
Invariance of V<=0.18572252429294167 verified for subsystem 6.
Total gain for subsystem 7:  0.019982419038057468
Invariance of V<=0.7254008323798189 verified for subsystem 7.
Total gain for subsystem 8:  0.0026281895715996855
Invariance of V<=0.13735987067775568 verified for subsystem 8.
Total gain for subsystem 9:  0.0017215404195084954
Invariance of V<=0.12792206689482555 verified for subsystem 9.
Total gain for subsystem 10:  0.0032045725219664607
Invariance of V<=0.17893472431751434 verified for subsystem 10.
Updated level sets for Lyapunov functions after iteration 2: 
 [0.01 0.02 0.03 0.01 0.04 0.01 0.05 0.01 0.00 0.01]
Subsystems updated:  [True, True, True, True, True, True, True, True, True, True]
Total gain for subsystem 1:  3.658929079675842e-05
Invariance of V<=0.006153354659144128 verified for subsystem 1.
Total gain for subsystem 2:  0.00012403291602949363
Invariance of V<=0.015385182421390198 verified for subsystem 2.
Total gain for subsystem 3:  0.0003308886461004468
Invariance of V<=0.03183221000790937 verified for subsystem 3.
Total gain for subsystem 4:  0.00010457639804645201
Invariance of V<=0.014856987933242749 verified for subsystem 4.
Total gain for subsystem 5:  0.0003286499123042146
Invariance of V<=0.040603313644638206 verified for subsystem 5.
Total gain for subsystem 6:  3.0328238900895402e-05
Invariance of V<=0.00589451371046934 verified for subsystem 6.
Total gain for subsystem 7:  0.00024947535579548436
Invariance of V<=0.04737419986855507 verified for subsystem 7.
Total gain for subsystem 8:  5.214601291953937e-05
Invariance of V<=0.005298549698995458 verified for subsystem 8.
Total gain for subsystem 9:  4.512186860941387e-05
Invariance of V<=0.003560330963381375 verified for subsystem 9.
Total gain for subsystem 10:  6.965033771380724e-05
Invariance of V<=0.006115932960071291 verified for subsystem 10.
Updated level sets for Lyapunov functions after iteration 3: 
 [0.00 0.00 0.00 0.00 0.00 0.00 0.00 0.00 0.00 0.00]
Subsystems updated:  [True, True, True, True, True, True, True, True, True, True]
Successful! Verified reachable level sets contained in target set after iteration 3. 

Time taken for successfully verifying reachability: 20.143733501434326 seconds.

Testing scale factor for reachability:  0.796875
Initial level sets for quadratic Lyapunov functions:, 
 [1.56 1.09 1.19 1.29 2.17 2.17 2.73 1.12 1.29 1.21]
Target level set: 
 [0.02 0.01 0.01 0.01 0.03 0.03 0.05 0.01 0.01 0.01]
Verifying reachability using quadratic Lyapunov functions...
Total gain for subsystem 1:  0.0933460493589433
Invariance of V<=1.5608802437782288 verified for subsystem 1.
Total gain for subsystem 2:  0.11808527645059791
Invariance of V<=1.0887175798416138 verified for subsystem 2.
Total gain for subsystem 3:  0.1662745550063293
!!!Invariance cannot be verified for subsystem 3!!!
 
Testing scale factor for reachability:  0.7890625
Initial level sets for quadratic Lyapunov functions:, 
 [1.55 1.08 1.18 1.28 2.15 2.15 2.71 1.11 1.28 1.19]
Target level set: 
 [0.02 0.01 0.01 0.01 0.03 0.03 0.05 0.01 0.01 0.01]
Verifying reachability using quadratic Lyapunov functions...
Total gain for subsystem 1:  0.09197616316095367
Invariance of V<=1.545577496290207 verified for subsystem 1.
Total gain for subsystem 2:  0.11635916266603162
Invariance of V<=1.0780438780784607 verified for subsystem 2.
Total gain for subsystem 3:  0.16380006855440019
!!!Invariance cannot be verified for subsystem 3!!!
 
Scaling factor for which reachability is verified:  0.78125
Level sets verified for reachability:  [1.53 1.07 1.17 1.26 2.13 2.13 2.68 1.10 1.26 1.18]
Time taken for verifying reachability using quadratic Lyapunov functions: 62.40757513046265 seconds.

--------------------------------------------------
Verifying reachability using SOS Lyapunov functions...
Target level set: 
 [1.53 1.07 1.17 1.26 2.13 2.13 2.68 1.10 1.26 1.18]
Testing scale factor for reachability:  0.5
Initial level sets for SOS Lyapunov functions:, 
 [0.50 0.50 0.50 0.50 0.50 0.50 0.50 0.50 0.50 0.50]
Target level set: 
 [1.53 1.07 1.17 1.26 2.13 2.13 2.68 1.10 1.26 1.18]
Verifying reachability using SOS Lyapunov functions...
Total gain for subsystem 1:  0.0535138305166113
Invariance of V<=0.5 verified for subsystem 1.
Total gain for subsystem 2:  0.11891578988189941
!!!Invariance cannot be verified for subsystem 2!!!
 
Testing scale factor for reachability:  0.25
Initial level sets for SOS Lyapunov functions:, 
 [0.25 0.25 0.25 0.25 0.25 0.25 0.25 0.25 0.25 0.25]
Target level set: 
 [1.53 1.07 1.17 1.26 2.13 2.13 2.68 1.10 1.26 1.18]
Verifying reachability using SOS Lyapunov functions...
Total gain for subsystem 1:  0.018863208560483617
Invariance of V<=0.25 verified for subsystem 1.
Total gain for subsystem 2:  0.04143635756101771
!!!Invariance cannot be verified for subsystem 2!!!
 
Testing scale factor for reachability:  0.125
Initial level sets for SOS Lyapunov functions:, 
 [0.12 0.12 0.12 0.12 0.12 0.12 0.12 0.12 0.12 0.12]
Target level set: 
 [1.53 1.07 1.17 1.26 2.13 2.13 2.68 1.10 1.26 1.18]
Verifying reachability using SOS Lyapunov functions...
Total gain for subsystem 1:  0.006579483638253052
Invariance of V<=0.125 verified for subsystem 1.
Total gain for subsystem 2:  0.014546163968711197
Invariance of V<=0.125 verified for subsystem 2.
Total gain for subsystem 3:  0.01962425944525965
Invariance of V<=0.125 verified for subsystem 3.
Total gain for subsystem 4:  0.015315708615604407
Invariance of V<=0.125 verified for subsystem 4.
Total gain for subsystem 5:  0.009184036716040365
Invariance of V<=0.125 verified for subsystem 5.
Total gain for subsystem 6:  0.004017723569224133
Invariance of V<=0.125 verified for subsystem 6.
Total gain for subsystem 7:  0.01159738267719101
Invariance of V<=0.125 verified for subsystem 7.
Total gain for subsystem 8:  0.013564324687632318
Invariance of V<=0.125 verified for subsystem 8.
Total gain for subsystem 9:  0.0096171146096782
Invariance of V<=0.125 verified for subsystem 9.
Total gain for subsystem 10:  0.01639161586821854
Invariance of V<=0.125 verified for subsystem 10.
Updated level sets for Lyapunov functions after iteration 1: 
 [0.01 0.04 0.08 0.04 0.06 0.03 0.08 0.04 0.02 0.07]
Subsystems updated:  [True, True, True, True, True, True, True, True, True, True]
Successful! Verified reachable level sets contained in target set after iteration 1. 

Time taken for successfully verifying reachability: 29.990612268447876 seconds.

Testing scale factor for reachability:  0.1875
Initial level sets for SOS Lyapunov functions:, 
 [0.19 0.19 0.19 0.19 0.19 0.19 0.19 0.19 0.19 0.19]
Target level set: 
 [1.53 1.07 1.17 1.26 2.13 2.13 2.68 1.10 1.26 1.18]
Verifying reachability using SOS Lyapunov functions...
Total gain for subsystem 1:  0.012170732292074903
Invariance of V<=0.1875 verified for subsystem 1.
Total gain for subsystem 2:  0.026764909325718376
!!!Invariance cannot be verified for subsystem 2!!!
 
Testing scale factor for reachability:  0.15625
Initial level sets for SOS Lyapunov functions:, 
 [0.16 0.16 0.16 0.16 0.16 0.16 0.16 0.16 0.16 0.16]
Target level set: 
 [1.53 1.07 1.17 1.26 2.13 2.13 2.68 1.10 1.26 1.18]
Verifying reachability using SOS Lyapunov functions...
Total gain for subsystem 1:  0.009224813528606497
Invariance of V<=0.15625 verified for subsystem 1.
Total gain for subsystem 2:  0.02033854831604514
Invariance of V<=0.15625 verified for subsystem 2.
Total gain for subsystem 3:  0.027203180375247202
Invariance of V<=0.15625 verified for subsystem 3.
Total gain for subsystem 4:  0.023601299006307093
Invariance of V<=0.15625 verified for subsystem 4.
Total gain for subsystem 5:  0.012834514794804235
Invariance of V<=0.15625 verified for subsystem 5.
Total gain for subsystem 6:  0.0056142284652973195
Invariance of V<=0.15625 verified for subsystem 6.
Total gain for subsystem 7:  0.01858261273717883
Invariance of V<=0.15625 verified for subsystem 7.
Total gain for subsystem 8:  0.022325298952854337
Invariance of V<=0.15625 verified for subsystem 8.
Total gain for subsystem 9:  0.014399613808938271
Invariance of V<=0.15625 verified for subsystem 9.
Total gain for subsystem 10:  0.027370453257279753
!!!Invariance cannot be verified for subsystem 10!!!
 
Testing scale factor for reachability:  0.140625
Initial level sets for SOS Lyapunov functions:, 
 [0.14 0.14 0.14 0.14 0.14 0.14 0.14 0.14 0.14 0.14]
Target level set: 
 [1.53 1.07 1.17 1.26 2.13 2.13 2.68 1.10 1.26 1.18]
Verifying reachability using SOS Lyapunov functions...
Total gain for subsystem 1:  0.007856016852702161
Invariance of V<=0.140625 verified for subsystem 1.
Total gain for subsystem 2:  0.017375585012201215
Invariance of V<=0.140625 verified for subsystem 2.
Total gain for subsystem 3:  0.023333417323997734
Invariance of V<=0.140625 verified for subsystem 3.
Total gain for subsystem 4:  0.01890312698565464
Invariance of V<=0.140625 verified for subsystem 4.
Total gain for subsystem 5:  0.010949384857695803
Invariance of V<=0.140625 verified for subsystem 5.
Total gain for subsystem 6:  0.004788645881690094
Invariance of V<=0.140625 verified for subsystem 6.
Total gain for subsystem 7:  0.01454553196236788
Invariance of V<=0.140625 verified for subsystem 7.
Total gain for subsystem 8:  0.017163913278653603
Invariance of V<=0.140625 verified for subsystem 8.
Total gain for subsystem 9:  0.011872303151226584
Invariance of V<=0.140625 verified for subsystem 9.
Total gain for subsystem 10:  0.02086251098582161
Invariance of V<=0.140625 verified for subsystem 10.
Updated level sets for Lyapunov functions after iteration 1: 
 [0.01 0.05 0.10 0.05 0.07 0.03 0.10 0.06 0.03 0.10]
Subsystems updated:  [True, True, True, True, True, True, True, True, True, True]
Successful! Verified reachable level sets contained in target set after iteration 1. 

Time taken for successfully verifying reachability: 30.731823205947876 seconds.

Testing scale factor for reachability:  0.1484375
Initial level sets for SOS Lyapunov functions:, 
 [0.15 0.15 0.15 0.15 0.15 0.15 0.15 0.15 0.15 0.15]
Target level set: 
 [1.53 1.07 1.17 1.26 2.13 2.13 2.68 1.10 1.26 1.18]
Verifying reachability using SOS Lyapunov functions...
Total gain for subsystem 1:  0.008524314691220253
Invariance of V<=0.1484375 verified for subsystem 1.
Total gain for subsystem 2:  0.018840785798059402
Invariance of V<=0.1484375 verified for subsystem 2.
Total gain for subsystem 3:  0.025248471233094903
Invariance of V<=0.1484375 verified for subsystem 3.
Total gain for subsystem 4:  0.020961643575306096
Invariance of V<=0.1484375 verified for subsystem 4.
Total gain for subsystem 5:  0.011883119630782181
Invariance of V<=0.1484375 verified for subsystem 5.
Total gain for subsystem 6:  0.005196010223903455
Invariance of V<=0.1484375 verified for subsystem 6.
Total gain for subsystem 7:  0.0162881864959199
Invariance of V<=0.1484375 verified for subsystem 7.
Total gain for subsystem 8:  0.019321318575679276
Invariance of V<=0.1484375 verified for subsystem 8.
Total gain for subsystem 9:  0.01307784968913039
Invariance of V<=0.1484375 verified for subsystem 9.
Total gain for subsystem 10:  0.023597111640268773
Invariance of V<=0.1484375 verified for subsystem 10.
Updated level sets for Lyapunov functions after iteration 1: 
 [0.01 0.05 0.12 0.05 0.07 0.04 0.12 0.07 0.03 0.13]
Subsystems updated:  [True, True, True, True, True, True, True, True, True, True]
Successful! Verified reachable level sets contained in target set after iteration 1. 

Time taken for successfully verifying reachability: 32.566303968429565 seconds.

Scaling factor for which reachability is verified:  0.1484375
Level sets verified for reachability:  [0.15 0.15 0.15 0.15 0.15 0.15 0.15 0.15 0.15 0.15]
Time taken for verifying reachability using SOS Lyapunov functions: 146.468092918396 seconds.

--------------------------------------------------
Verifying reachability using neural Lyapunov functions...
Verified level sets of neural Lyapunov functions for subsystems: 
 [0.84 0.66 0.67 0.77 0.90 0.92 0.95 0.67 0.73 0.71]
Verified V<=0.1568944901227951 is contained in x^TPx<=1.530274748802185.
Verified V<=0.08361423015594482 is contained in x^TPx<=1.0673701763153076.
Verified V<=0.07820072770118713 is contained in x^TPx<=1.1707842350006104.
Verified V<=0.10758227109909058 is contained in x^TPx<=1.262575387954712.
Verified V<=0.2352580428123474 is contained in x^TPx<=2.1301209926605225.
Verified V<=0.23956677317619324 is contained in x^TPx<=2.1301209926605225.
Verified V<=0.2982621043920517 is contained in x^TPx<=2.6807188987731934.
Verified V<=0.09382545948028564 is contained in x^TPx<=1.101568341255188.
Verified V<=0.10562741756439209 is contained in x^TPx<=1.262575387954712.
Verified V<=0.0895712822675705 is contained in x^TPx<=1.1830776929855347.
Target level set: 
 [0.1568944901227951, 0.08361423015594482, 0.07820072770118713, 0.10758227109909058, 0.2352580428123474, 0.23956677317619324, 0.2982621043920517, 0.09382545948028564, 0.10562741756439209, 0.0895712822675705]
Lower bounds of neural Lyapunov functions: 
 [0.009765625 0.0125732421875 0.0091552734375 0.0101318359375
 0.00628662109375 0.00860595703125 None 0.0198974609375 0.00726318359375
 0.02301025390625]
Testing scale factor for reachability:  0.5
Initial level sets for neural Lyapunov functions:, 
 [0.42 0.33 0.34 0.39 0.45 0.46 0.48 0.33 0.37 0.36]
Target level set: 
 [0.1568944901227951, 0.08361423015594482, 0.07820072770118713, 0.10758227109909058, 0.2352580428123474, 0.23956677317619324, 0.2982621043920517, 0.09382545948028564, 0.10562741756439209, 0.0895712822675705]
Verifying reachability using neural Lyapunov functions...
Total gain for subsystem 1:  0.10106867759772055
Invariance of V<=0.4190673828125 verified for subsystem 1.
Total gain for subsystem 2:  0.24234306454763746
!!!Invariance cannot be verified for subsystem 2!!!
 
Testing scale factor for reachability:  0.25
Initial level sets for neural Lyapunov functions:, 
 [0.21 0.17 0.17 0.19 0.23 0.23 0.24 0.17 0.18 0.18]
Target level set: 
 [0.1568944901227951, 0.08361423015594482, 0.07820072770118713, 0.10758227109909058, 0.2352580428123474, 0.23956677317619324, 0.2982621043920517, 0.09382545948028564, 0.10562741756439209, 0.0895712822675705]
Verifying reachability using neural Lyapunov functions...
Total gain for subsystem 1:  0.021528726553593527
Invariance of V<=0.20953369140625 verified for subsystem 1.
Total gain for subsystem 2:  0.04044331538235368
Invariance of V<=0.165771484375 verified for subsystem 2.
Total gain for subsystem 3:  0.06535333730483457
Invariance of V<=0.1675262451171875 verified for subsystem 3.
Total gain for subsystem 4:  0.05664590183005874
Invariance of V<=0.19293212890625 verified for subsystem 4.
Total gain for subsystem 5:  0.033146247311477056
Invariance of V<=0.225830078125 verified for subsystem 5.
Total gain for subsystem 6:  0.015356056165504468
Invariance of V<=0.2298583984375 verified for subsystem 6.
Total gain for subsystem 7:  0.04498920525232628
Invariance of V<=0.23809814453125 verified for subsystem 7.
Total gain for subsystem 8:  0.03844964090309227
Invariance of V<=0.167236328125 verified for subsystem 8.
Total gain for subsystem 9:  0.02838548763629721
Invariance of V<=0.182861328125 verified for subsystem 9.
Total gain for subsystem 10:  0.06517985587398602
Invariance of V<=0.177581787109375 verified for subsystem 10.
Updated level sets for Lyapunov functions after iteration 1: 
 [0.05 0.08 0.14 0.09 0.07 0.04 0.12 0.10 0.04 0.11]
Subsystems updated:  [True, True, True, True, True, True, True, True, True, True]
Total gain for subsystem 1:  0.0016172696878216256
Invariance of V<=0.05442965030670166 verified for subsystem 1.
Total gain for subsystem 2:  0.00587975297813932
Invariance of V<=0.07616746425628662 verified for subsystem 2.
Total gain for subsystem 3:  0.04004652894662515
Invariance of V<=0.14004147052764893 verified for subsystem 3.
Total gain for subsystem 4:  0.01125733981867877
Invariance of V<=0.08638611435890198 verified for subsystem 4.
Total gain for subsystem 5:  0.00690461192514053
Invariance of V<=0.07228106260299683 verified for subsystem 5.
Total gain for subsystem 6:  0.0015670530002464523
Invariance of V<=0.044276922941207886 verified for subsystem 6.
Total gain for subsystem 7:  0.01340160509355582
Invariance of V<=0.11602634191513062 verified for subsystem 7.
Total gain for subsystem 8:  0.012787916561906976
Invariance of V<=0.10141968727111816 verified for subsystem 8.
Total gain for subsystem 9:  0.0029996349349306686
Invariance of V<=0.03651869297027588 verified for subsystem 9.
Total gain for subsystem 10:  0.021791302413433602
Invariance of V<=0.11055506765842438 verified for subsystem 10.
Updated level sets for Lyapunov functions after iteration 2: 
 [0.02 0.05 0.08 0.03 0.02 0.01 0.03 0.06 0.01 0.06]
Subsystems updated:  [True, True, True, True, True, True, True, True, True, True]
Total gain for subsystem 1:  0.00013573033809400326
Invariance of V<=0.017221881542354822 verified for subsystem 1.
Total gain for subsystem 2:  0.0011174120657103685
Invariance of V<=0.04581949021667242 verified for subsystem 2.
Total gain for subsystem 3:  0.01367975114006107
Invariance of V<=0.08096147514879704 verified for subsystem 3.
Total gain for subsystem 4:  0.0011547034430361806
Invariance of V<=0.025814600579906255 verified for subsystem 4.
Total gain for subsystem 5:  0.0012822518517357916
Invariance of V<=0.02251724508823827 verified for subsystem 5.
Total gain for subsystem 6:  0.00028594928851863706
Invariance of V<=0.01496075716568157 verified for subsystem 6.
Total gain for subsystem 7:  0.0020497979693491057
Invariance of V<=0.03195256681647152 verified for subsystem 7.
Total gain for subsystem 8:  0.0034421691741614363
Invariance of V<=0.06408060318790376 verified for subsystem 8.
Total gain for subsystem 9:  0.0006869363754294209
Invariance of V<=0.010912812547758222 verified for subsystem 9.
Total gain for subsystem 10:  0.005086999342835555
Invariance of V<=0.06126953212515218 verified for subsystem 10.
Updated level sets for Lyapunov functions after iteration 3: 
 [0.01 0.04 0.03 0.01 0.01 0.01 0.01 0.05 0.01 0.04]
Subsystems updated:  [True, True, True, True, True, True, True, True, True, True]
Successful! Verified reachable level sets contained in target set after iteration 3. 

Time taken for successfully verifying reachability: 10161.557800531387 seconds.

Testing scale factor for reachability:  0.375
Initial level sets for neural Lyapunov functions:, 
 [0.31 0.25 0.25 0.29 0.34 0.34 0.36 0.25 0.27 0.27]
Target level set: 
 [0.1568944901227951, 0.08361423015594482, 0.07820072770118713, 0.10758227109909058, 0.2352580428123474, 0.23956677317619324, 0.2982621043920517, 0.09382545948028564, 0.10562741756439209, 0.0895712822675705]
Verifying reachability using neural Lyapunov functions...
Total gain for subsystem 1:  0.049377285652952366
Invariance of V<=0.314300537109375 verified for subsystem 1.
Total gain for subsystem 2:  0.1039801842712478
!!!Invariance cannot be verified for subsystem 2!!!
 
Testing scale factor for reachability:  0.3125
Initial level sets for neural Lyapunov functions:, 
 [0.26 0.21 0.21 0.24 0.28 0.29 0.30 0.21 0.23 0.22]
Target level set: 
 [0.1568944901227951, 0.08361423015594482, 0.07820072770118713, 0.10758227109909058, 0.2352580428123474, 0.23956677317619324, 0.2982621043920517, 0.09382545948028564, 0.10562741756439209, 0.0895712822675705]
Verifying reachability using neural Lyapunov functions...
Total gain for subsystem 1:  0.03275575499529065
Invariance of V<=0.2619171142578125 verified for subsystem 1.
Total gain for subsystem 2:  0.06688364989955024
Invariance of V<=0.20721435546875 verified for subsystem 2.
Total gain for subsystem 3:  0.10149889912853068
Invariance of V<=0.20940780639648438 verified for subsystem 3.
Total gain for subsystem 4:  0.09219250849761942
Invariance of V<=0.2411651611328125 verified for subsystem 4.
Total gain for subsystem 5:  0.04835995024114591
Invariance of V<=0.28228759765625 verified for subsystem 5.
Total gain for subsystem 6:  0.021986764398526166
Invariance of V<=0.287322998046875 verified for subsystem 6.
Total gain for subsystem 7:  0.06942111482664731
Invariance of V<=0.2976226806640625 verified for subsystem 7.
Total gain for subsystem 8:  0.06739259772241205
Invariance of V<=0.20904541015625 verified for subsystem 8.
Total gain for subsystem 9:  0.05474588937703148
Invariance of V<=0.22857666015625 verified for subsystem 9.
Total gain for subsystem 10:  0.1139623124494602
!!!Invariance cannot be verified for subsystem 10!!!
 
Testing scale factor for reachability:  0.28125
Initial level sets for neural Lyapunov functions:, 
 [0.24 0.19 0.19 0.22 0.25 0.26 0.27 0.19 0.21 0.20]
Target level set: 
 [0.1568944901227951, 0.08361423015594482, 0.07820072770118713, 0.10758227109909058, 0.2352580428123474, 0.23956677317619324, 0.2982621043920517, 0.09382545948028564, 0.10562741756439209, 0.0895712822675705]
Verifying reachability using neural Lyapunov functions...
Total gain for subsystem 1:  0.026731997827741237
Invariance of V<=0.23572540283203125 verified for subsystem 1.
Total gain for subsystem 2:  0.0520852108993179
Invariance of V<=0.186492919921875 verified for subsystem 2.
Total gain for subsystem 3:  0.08224347519803143
Invariance of V<=0.18846702575683594 verified for subsystem 3.
Total gain for subsystem 4:  0.07310109756154745
Invariance of V<=0.21704864501953125 verified for subsystem 4.
Total gain for subsystem 5:  0.04020358958444586
Invariance of V<=0.254058837890625 verified for subsystem 5.
Total gain for subsystem 6:  0.018482540972494438
Invariance of V<=0.2585906982421875 verified for subsystem 6.
Total gain for subsystem 7:  0.056778982202585745
Invariance of V<=0.26786041259765625 verified for subsystem 7.
Total gain for subsystem 8:  0.05178051512598201
Invariance of V<=0.188140869140625 verified for subsystem 8.
Total gain for subsystem 9:  0.039334220859810205
Invariance of V<=0.205718994140625 verified for subsystem 9.
Total gain for subsystem 10:  0.0871970743909298
Invariance of V<=0.19977951049804688 verified for subsystem 10.
Updated level sets for Lyapunov functions after iteration 1: 
 [0.06 0.09 0.17 0.14 0.09 0.05 0.15 0.12 0.05 0.14]
Subsystems updated:  [True, True, True, True, True, True, True, True, True, True]
Total gain for subsystem 1:  0.0023311514800375623
Invariance of V<=0.062441909685730934 verified for subsystem 1.
Total gain for subsystem 2:  0.009028154728292832
Invariance of V<=0.09078781306743622 verified for subsystem 2.
Total gain for subsystem 3:  0.059407230242012304
Invariance of V<=0.17125836666673422 verified for subsystem 3.
Total gain for subsystem 4:  0.026679924651108817
Invariance of V<=0.13931174017488956 verified for subsystem 4.
Total gain for subsystem 5:  0.00959834444450837
Invariance of V<=0.08665043860673904 verified for subsystem 5.
Total gain for subsystem 6:  0.0020205136767434562
Invariance of V<=0.050505995750427246 verified for subsystem 6.
Total gain for subsystem 7:  0.022389241904671734
Invariance of V<=0.15309111960232258 verified for subsystem 7.
Total gain for subsystem 8:  0.020348859385953533
Invariance of V<=0.11804737150669098 verified for subsystem 8.
Total gain for subsystem 9:  0.004592466761312614
Invariance of V<=0.051228851079940796 verified for subsystem 9.
Total gain for subsystem 10:  0.0369116550030443
Invariance of V<=0.1370557677000761 verified for subsystem 10.
Updated level sets for Lyapunov functions after iteration 2: 
 [0.02 0.05 0.13 0.05 0.03 0.02 0.05 0.08 0.01 0.08]
Subsystems updated:  [True, True, True, True, True, True, True, True, True, True]
Total gain for subsystem 1:  0.00015839034646626814
Invariance of V<=0.019025269357371144 verified for subsystem 1.
Total gain for subsystem 2:  0.0014399637413737443
Invariance of V<=0.04911762542906217 verified for subsystem 2.
Total gain for subsystem 3:  0.02944556486117153
Invariance of V<=0.12727306350916479 verified for subsystem 3.
Total gain for subsystem 4:  0.003267115078788141
Invariance of V<=0.045031431638562935 verified for subsystem 4.
Total gain for subsystem 5:  0.0018406928927939368
Invariance of V<=0.027585979478317313 verified for subsystem 5.
Total gain for subsystem 6:  0.0003171829817020128
Invariance of V<=0.01598041271790862 verified for subsystem 6.
Total gain for subsystem 7:  0.0046974074747530075
Invariance of V<=0.05389584825843485 verified for subsystem 7.
Total gain for subsystem 8:  0.0066154909734375145
Invariance of V<=0.07620050055265892 verified for subsystem 8.
Total gain for subsystem 9:  0.0006919489199451913
Invariance of V<=0.012306931021157652 verified for subsystem 9.
Total gain for subsystem 10:  0.009539869592560314
Invariance of V<=0.07863306984745577 verified for subsystem 10.
Updated level sets for Lyapunov functions after iteration 3: 
 [0.01 0.04 0.06 0.02 0.01 0.01 0.01 0.05 0.01 0.05]
Subsystems updated:  [True, True, True, True, True, True, True, True, True, True]
Successful! Verified reachable level sets contained in target set after iteration 3. 

Time taken for successfully verifying reachability: 11083.962966918945 seconds.

Testing scale factor for reachability:  0.296875
Initial level sets for neural Lyapunov functions:, 
 [0.25 0.20 0.20 0.23 0.27 0.27 0.28 0.20 0.22 0.21]
Target level set: 
 [0.1568944901227951, 0.08361423015594482, 0.07820072770118713, 0.10758227109909058, 0.2352580428123474, 0.23956677317619324, 0.2982621043920517, 0.09382545948028564, 0.10562741756439209, 0.0895712822675705]
Verifying reachability using neural Lyapunov functions...
Total gain for subsystem 1:  0.029625542158322072
Invariance of V<=0.24882125854492188 verified for subsystem 1.
Total gain for subsystem 2:  0.05914937309550782
Invariance of V<=0.1968536376953125 verified for subsystem 2.
Total gain for subsystem 3:  0.09155277724796086
Invariance of V<=0.19893741607666016 verified for subsystem 3.
Total gain for subsystem 4:  0.08220964591632093
Invariance of V<=0.22910690307617188 verified for subsystem 4.
Total gain for subsystem 5:  0.04418576822436728
Invariance of V<=0.2681732177734375 verified for subsystem 5.
Total gain for subsystem 6:  0.020172835742307122
Invariance of V<=0.27295684814453125 verified for subsystem 6.
Total gain for subsystem 7:  0.0629412818379148
Invariance of V<=0.2827415466308594 verified for subsystem 7.
Total gain for subsystem 8:  0.05922430448127909
Invariance of V<=0.1985931396484375 verified for subsystem 8.
Total gain for subsystem 9:  0.04650772879501778
Invariance of V<=0.2171478271484375 verified for subsystem 9.
Total gain for subsystem 10:  0.10034122214315147
!!!Invariance cannot be verified for subsystem 10!!!
 
Testing scale factor for reachability:  0.2890625
Initial level sets for neural Lyapunov functions:, 
 [0.24 0.19 0.19 0.22 0.26 0.27 0.28 0.19 0.21 0.21]
Target level set: 
 [0.1568944901227951, 0.08361423015594482, 0.07820072770118713, 0.10758227109909058, 0.2352580428123474, 0.23956677317619324, 0.2982621043920517, 0.09382545948028564, 0.10562741756439209, 0.0895712822675705]
Verifying reachability using neural Lyapunov functions...
Total gain for subsystem 1:  0.028151992597453566
Invariance of V<=0.24227333068847656 verified for subsystem 1.
Total gain for subsystem 2:  0.0555900653033215
Invariance of V<=0.19167327880859375 verified for subsystem 2.
Total gain for subsystem 3:  0.08678557694199707
Invariance of V<=0.19370222091674805 verified for subsystem 3.
Total gain for subsystem 4:  0.0775790724703837
Invariance of V<=0.22307777404785156 verified for subsystem 4.
Total gain for subsystem 5:  0.042171925085494534
Invariance of V<=0.26111602783203125 verified for subsystem 5.
Total gain for subsystem 6:  0.01931804039039634
Invariance of V<=0.2657737731933594 verified for subsystem 6.
Total gain for subsystem 7:  0.05978126770755865
Invariance of V<=0.2753009796142578 verified for subsystem 7.
Total gain for subsystem 8:  0.055341729088990835
Invariance of V<=0.19336700439453125 verified for subsystem 8.
Total gain for subsystem 9:  0.04281750417189617
Invariance of V<=0.21143341064453125 verified for subsystem 9.
Total gain for subsystem 10:  0.09359821134678316
Invariance of V<=0.20532894134521484 verified for subsystem 10.
Updated level sets for Lyapunov functions after iteration 1: 
 [0.06 0.10 0.18 0.16 0.09 0.05 0.16 0.12 0.06 0.15]
Subsystems updated:  [True, True, True, True, True, True, True, True, True, True]
Total gain for subsystem 1:  0.002598690941901244
Invariance of V<=0.06464959727600217 verified for subsystem 1.
Total gain for subsystem 2:  0.010253293895249123
Invariance of V<=0.09583663940429688 verified for subsystem 2.
Total gain for subsystem 3:  0.06462954516770474
Invariance of V<=0.17819091025739908 verified for subsystem 3.
Total gain for subsystem 4:  0.033119528607891566
Invariance of V<=0.15761403273791075 verified for subsystem 4.
Total gain for subsystem 5:  0.010403786612173605
Invariance of V<=0.09077861905097961 verified for subsystem 5.
Total gain for subsystem 6:  0.002145811882366009
Invariance of V<=0.05203871242702007 verified for subsystem 6.
Total gain for subsystem 7:  0.025063810790414427
Invariance of V<=0.16325832018628716 verified for subsystem 7.
Total gain for subsystem 8:  0.02246115128667255
Invariance of V<=0.12245947495102882 verified for subsystem 8.
Total gain for subsystem 9:  0.005140211500606109
Invariance of V<=0.05647171661257744 verified for subsystem 9.
Total gain for subsystem 10:  0.04224833035250988
Invariance of V<=0.14532436546869576 verified for subsystem 10.
Updated level sets for Lyapunov functions after iteration 2: 
 [0.02 0.05 0.14 0.05 0.03 0.02 0.06 0.08 0.01 0.08]
Subsystems updated:  [True, True, True, True, True, True, True, True, True, True]
Total gain for subsystem 1:  0.0001653573364386997
Invariance of V<=0.01969792417003191 verified for subsystem 1.
Total gain for subsystem 2:  0.0015455533863235383
Invariance of V<=0.050258081406354904 verified for subsystem 2.
Total gain for subsystem 3:  0.03442783452975235
Invariance of V<=0.13851559039540007 verified for subsystem 3.
Total gain for subsystem 4:  0.004451367749890592
Invariance of V<=0.053179344053660316 verified for subsystem 4.
Total gain for subsystem 5:  0.0019189899963573942
Invariance of V<=0.02916617740993388 verified for subsystem 5.
Total gain for subsystem 6:  0.0003244716050067197
Invariance of V<=0.01616045952323475 verified for subsystem 6.
Total gain for subsystem 7:  0.00571325841378555
Invariance of V<=0.060823290186590384 verified for subsystem 7.
Total gain for subsystem 8:  0.007733629947690611
Invariance of V<=0.07934752112305432 verified for subsystem 8.
Total gain for subsystem 9:  0.000693603355993201
Invariance of V<=0.012794373295037076 verified for subsystem 9.
Total gain for subsystem 10:  0.011523601541363932
Invariance of V<=0.08451236292637532 verified for subsystem 10.
Updated level sets for Lyapunov functions after iteration 3: 
 [0.01 0.04 0.07 0.02 0.01 0.01 0.01 0.05 0.01 0.05]
Subsystems updated:  [True, True, True, True, True, True, True, True, True, True]
Successful! Verified reachable level sets contained in target set after iteration 3. 

Time taken for successfully verifying reachability: 11233.411071538925 seconds.

Scaling factor for which reachability is verified:  0.2890625
Level sets verified for reachability:  [0.24 0.19 0.19 0.22 0.26 0.27 0.28 0.19 0.21 0.21]
Time taken for verifying reachability using neural Lyapunov functions: 46611.90181565285 seconds.

Traceback (most recent call last):
  File "vdp_network.py", line 476, in <module>
    
TypeError: plot_V() got an unexpected keyword argument 'c2_SOS'
Architecture:        x86_64
CPU op-mode(s):      32-bit, 64-bit
Byte Order:          Little Endian
Address sizes:       46 bits physical, 48 bits virtual
CPU(s):              32
On-line CPU(s) list: 0-31
Thread(s) per core:  1
Core(s) per socket:  16
Socket(s):           2
NUMA node(s):        2
Vendor ID:           GenuineIntel
CPU family:          6
Model:               79
Model name:          Intel(R) Xeon(R) CPU E5-2683 v4 @ 2.10GHz
Stepping:            1
CPU MHz:             1199.963
CPU max MHz:         3000.0000
CPU min MHz:         1200.0000
BogoMIPS:            4190.28
Virtualization:      VT-x
L1d cache:           32K
L1i cache:           32K
L2 cache:            256K
L3 cache:            40960K
NUMA node0 CPU(s):   0-15
NUMA node1 CPU(s):   16-31
Flags:               fpu vme de pse tsc msr pae mce cx8 apic sep mtrr pge mca cmov pat pse36 clflush dts acpi mmx fxsr sse sse2 ss ht tm pbe syscall nx pdpe1gb rdtscp lm constant_tsc arch_perfmon pebs bts rep_good nopl xtopology nonstop_tsc aperfmperf eagerfpu pni pclmulqdq dtes64 ds_cpl vmx smx est tm2 ssse3 sdbg fma cx16 xtpr pdcm pcid dca sse4_1 sse4_2 x2apic movbe popcnt tsc_deadline_timer aes xsave avx f16c rdrand lahf_lm abm 3dnowprefetch epb cat_l3 cdp_l3 invpcid_single intel_ppin ssbd rsb_ctxsw ibrs ibpb stibp tpr_shadow vnmi flexpriority ept vpid fsgsbase tsc_adjust bmi1 hle avx2 smep bmi2 erms invpcid rtm cqm rdt_a rdseed adx smap intel_pt xsaveopt cqm_llc cqm_occup_llc cqm_mbm_total cqm_mbm_local dtherm ida arat pln pts md_clear spec_ctrl intel_stibp flush_l1d
